[0.031s] Invoking command in '/home/whaltze/rm/patrol/build/pointcloud_to_laserscan': CMAKE_PREFIX_PATH=/opt/ros/humble CONDA_PROMPT_MODIFIER=(rm) /usr/bin/cmake /home/whaltze/rm/patrol/pb_rmsimulation/src/rm_perception/pointcloud_to_laserscan -DAMENT_CMAKE_SYMLINK_INSTALL=1 -DCMAKE_INSTALL_PREFIX=/home/whaltze/rm/patrol/install/pointcloud_to_laserscan
[1.104s] -- The C compiler identification is GNU 11.4.0
[1.104s] -- The CXX compiler identification is GNU 11.4.0
[1.104s] -- Detecting C compiler ABI info
[1.105s] -- Detecting C compiler ABI info - done
[1.105s] -- Check for working C compiler: /usr/bin/cc - skipped
[1.105s] -- Detecting C compile features
[1.105s] -- Detecting C compile features - done
[1.105s] -- Detecting CXX compiler ABI info
[1.105s] -- Detecting CXX compiler ABI info - done
[1.105s] -- Check for working CXX compiler: /usr/bin/c++ - skipped
[1.105s] -- Detecting CXX compile features
[1.105s] -- Detecting CXX compile features - done
[1.105s] -- Found ament_cmake_auto: 1.3.9 (/opt/ros/humble/share/ament_cmake_auto/cmake)
[1.105s] -- Found Python3: /usr/bin/python3 (found version "3.10.12") found components: Interpreter 
[1.113s] -- Override CMake install command with custom implementation using symlinks instead of copying resources
[1.263s] -- Found rosidl_generator_c: 3.1.5 (/opt/ros/humble/share/rosidl_generator_c/cmake)
[1.267s] -- Found rosidl_adapter: 3.1.5 (/opt/ros/humble/share/rosidl_adapter/cmake)
[1.273s] -- Found rosidl_generator_cpp: 3.1.5 (/opt/ros/humble/share/rosidl_generator_cpp/cmake)
[1.289s] -- Using all available rosidl_typesupport_c: rosidl_typesupport_fastrtps_c;rosidl_typesupport_introspection_c
[1.314s] -- Using all available rosidl_typesupport_cpp: rosidl_typesupport_fastrtps_cpp;rosidl_typesupport_introspection_cpp
[1.423s] -- Found rmw_implementation_cmake: 6.1.2 (/opt/ros/humble/share/rmw_implementation_cmake/cmake)
[1.437s] -- Found rmw_fastrtps_cpp: 6.2.6 (/opt/ros/humble/share/rmw_fastrtps_cpp/cmake)
[1.694s] -- Found OpenSSL: /usr/lib/x86_64-linux-gnu/libcrypto.so (found version "3.0.2")  
[1.739s] -- Found FastRTPS: /opt/ros/humble/include  
[1.815s] -- Using RMW implementation 'rmw_fastrtps_cpp' as default
[1.844s] -- Looking for pthread.h
[2.007s] -- Looking for pthread.h - found
[2.007s] -- Performing Test CMAKE_HAVE_LIBC_PTHREAD
[2.165s] -- Performing Test CMAKE_HAVE_LIBC_PTHREAD - Success
[2.166s] -- Found Threads: TRUE  
[3.841s] -- Found ament_lint_auto: 0.12.11 (/opt/ros/humble/share/ament_lint_auto/cmake)
[3.906s] -- Added test 'cppcheck' to perform static code analysis on C / C++ code
[3.906s] -- Configured cppcheck include dirs: /home/whaltze/rm/patrol/pb_rmsimulation/src/rm_perception/pointcloud_to_laserscan/include
[3.906s] -- Configured cppcheck exclude dirs and/or files: 
[3.906s] -- Added test 'cpplint' to check C / C++ code against the Google style
[3.906s] -- Configured cpplint exclude dirs and/or files: 
[3.909s] -- Added test 'flake8' to check Python code syntax and style conventions
[3.909s] -- Added test 'lint_cmake' to check CMake code style
[3.909s] -- Added test 'pep257' to check Python code against some of the docstring style conventions in PEP 257
[3.919s] -- Added test 'uncrustify' to check C / C++ code style
[3.919s] -- Configured uncrustify additional arguments: 
[3.920s] -- Added test 'xmllint' to check XML markup files
[3.933s] -- Configuring done
[4.083s] -- Generating done
[4.087s] -- Build files have been written to: /home/whaltze/rm/patrol/build/pointcloud_to_laserscan
