[0.028s] Invoking command in '/home/whaltze/rm/patrol/build/fake_vel_transform': CMAKE_PREFIX_PATH=/opt/ros/humble CONDA_PROMPT_MODIFIER=(rm) /usr/bin/cmake --build /home/whaltze/rm/patrol/build/fake_vel_transform -- -j8 -l8
[0.105s] [ 50%] Built target fake_vel_transform_node
[0.123s] [100%] Built target fake_vel_transform
[0.180s] Invoked command in '/home/whaltze/rm/patrol/build/fake_vel_transform' returned '0': CMAKE_PREFIX_PATH=/opt/ros/humble CONDA_PROMPT_MODIFIER=(rm) /usr/bin/cmake --build /home/whaltze/rm/patrol/build/fake_vel_transform -- -j8 -l8
[0.278s] Invoking command in '/home/whaltze/rm/patrol/build/fake_vel_transform': CMAKE_PREFIX_PATH=/opt/ros/humble CONDA_PROMPT_MODIFIER=(rm) /usr/bin/cmake --install /home/whaltze/rm/patrol/build/fake_vel_transform
[0.283s] -- Install configuration: ""
[0.283s] -- Execute custom install script
[0.283s] -- Up-to-date symlink: /home/whaltze/rm/patrol/install/fake_vel_transform/lib/fake_vel_transform/fake_vel_transform_node
[0.283s] -- Up-to-date symlink: /home/whaltze/rm/patrol/install/fake_vel_transform/include/fake_vel_transform/fake_vel_transform.hpp
[0.283s] -- Up-to-date symlink: /home/whaltze/rm/patrol/install/fake_vel_transform/share/fake_vel_transform/environment/library_path.sh
[0.283s] -- Up-to-date symlink: /home/whaltze/rm/patrol/install/fake_vel_transform/share/fake_vel_transform/environment/library_path.dsv
[0.284s] -- Up-to-date symlink: /home/whaltze/rm/patrol/install/fake_vel_transform/lib/libfake_vel_transform.so
[0.284s] -- Up-to-date symlink: /home/whaltze/rm/patrol/install/fake_vel_transform/share/fake_vel_transform/launch/fake_vel_transform.launch.py
[0.287s] -- Up-to-date symlink: /home/whaltze/rm/patrol/install/fake_vel_transform/share/ament_index/resource_index/package_run_dependencies/fake_vel_transform
[0.287s] -- Up-to-date symlink: /home/whaltze/rm/patrol/install/fake_vel_transform/share/ament_index/resource_index/parent_prefix_path/fake_vel_transform
[0.287s] -- Up-to-date symlink: /home/whaltze/rm/patrol/install/fake_vel_transform/share/fake_vel_transform/environment/ament_prefix_path.sh
[0.287s] -- Up-to-date symlink: /home/whaltze/rm/patrol/install/fake_vel_transform/share/fake_vel_transform/environment/ament_prefix_path.dsv
[0.288s] -- Up-to-date symlink: /home/whaltze/rm/patrol/install/fake_vel_transform/share/fake_vel_transform/environment/path.sh
[0.288s] -- Up-to-date symlink: /home/whaltze/rm/patrol/install/fake_vel_transform/share/fake_vel_transform/environment/path.dsv
[0.288s] -- Up-to-date symlink: /home/whaltze/rm/patrol/install/fake_vel_transform/share/fake_vel_transform/local_setup.bash
[0.288s] -- Up-to-date symlink: /home/whaltze/rm/patrol/install/fake_vel_transform/share/fake_vel_transform/local_setup.sh
[0.288s] -- Up-to-date symlink: /home/whaltze/rm/patrol/install/fake_vel_transform/share/fake_vel_transform/local_setup.zsh
[0.288s] -- Up-to-date symlink: /home/whaltze/rm/patrol/install/fake_vel_transform/share/fake_vel_transform/local_setup.dsv
[0.288s] -- Up-to-date symlink: /home/whaltze/rm/patrol/install/fake_vel_transform/share/fake_vel_transform/package.dsv
[0.288s] -- Up-to-date symlink: /home/whaltze/rm/patrol/install/fake_vel_transform/share/ament_index/resource_index/packages/fake_vel_transform
[0.288s] -- Up-to-date symlink: /home/whaltze/rm/patrol/install/fake_vel_transform/share/ament_index/resource_index/rclcpp_components/fake_vel_transform
[0.288s] -- Up-to-date symlink: /home/whaltze/rm/patrol/install/fake_vel_transform/share/fake_vel_transform/cmake/ament_cmake_export_dependencies-extras.cmake
[0.288s] -- Up-to-date symlink: /home/whaltze/rm/patrol/install/fake_vel_transform/share/fake_vel_transform/cmake/ament_cmake_export_include_directories-extras.cmake
[0.288s] -- Up-to-date symlink: /home/whaltze/rm/patrol/install/fake_vel_transform/share/fake_vel_transform/cmake/ament_cmake_export_libraries-extras.cmake
[0.288s] -- Up-to-date symlink: /home/whaltze/rm/patrol/install/fake_vel_transform/share/fake_vel_transform/cmake/fake_vel_transformConfig.cmake
[0.288s] -- Up-to-date symlink: /home/whaltze/rm/patrol/install/fake_vel_transform/share/fake_vel_transform/cmake/fake_vel_transformConfig-version.cmake
[0.293s] -- Up-to-date symlink: /home/whaltze/rm/patrol/install/fake_vel_transform/share/fake_vel_transform/package.xml
[0.296s] Invoked command in '/home/whaltze/rm/patrol/build/fake_vel_transform' returned '0': CMAKE_PREFIX_PATH=/opt/ros/humble CONDA_PROMPT_MODIFIER=(rm) /usr/bin/cmake --install /home/whaltze/rm/patrol/build/fake_vel_transform
