[0.029s] Invoking command in '/home/whaltze/rm/patrol/build/livox_sdk2': CONDA_PROMPT_MODIFIER=(rm) /usr/bin/cmake --build /home/whaltze/rm/patrol/build/livox_sdk2 -- -j8 -l8
[0.102s] [35m[1mConsolidate compiler generated dependencies of target livox_lidar_sdk_static[0m
[0.133s] [35m[1mConsolidate compiler generated dependencies of target livox_lidar_sdk_shared[0m
[0.183s] [ 42%] Built target livox_lidar_sdk_static
[0.206s] [35m[1mConsolidate compiler generated dependencies of target livox_lidar_quick_start[0m
[0.211s] [35m[1mConsolidate compiler generated dependencies of target lidar_cmd_observer[0m
[0.215s] [35m[1mConsolidate compiler generated dependencies of target multi_lidars_upgrade[0m
[0.216s] [ 84%] Built target livox_lidar_sdk_shared
[0.228s] [35m[1mConsolidate compiler generated dependencies of target logger[0m
[0.228s] [35m[1mConsolidate compiler generated dependencies of target debug_point_cloud[0m
[0.247s] [35m[1mConsolidate compiler generated dependencies of target livox_lidar_rmc_time_sync[0m
[0.257s] [ 86%] Built target multi_lidars_upgrade
[0.257s] [ 89%] Built target debug_point_cloud
[0.259s] [ 91%] Built target livox_lidar_quick_start
[0.269s] [ 93%] Built target lidar_cmd_observer
[0.277s] [ 96%] Built target logger
[0.287s] [100%] Built target livox_lidar_rmc_time_sync
[0.357s] Invoked command in '/home/whaltze/rm/patrol/build/livox_sdk2' returned '0': CONDA_PROMPT_MODIFIER=(rm) /usr/bin/cmake --build /home/whaltze/rm/patrol/build/livox_sdk2 -- -j8 -l8
[0.473s] Invoking command in '/home/whaltze/rm/patrol/build/livox_sdk2': CONDA_PROMPT_MODIFIER=(rm) /usr/bin/cmake --install /home/whaltze/rm/patrol/build/livox_sdk2
[0.490s] -- Install configuration: ""
[0.494s] -- Installing: /home/whaltze/rm/patrol/install/livox_sdk2/lib/liblivox_lidar_sdk_static.a
[0.546s] -- Installing: /home/whaltze/rm/patrol/install/livox_sdk2/include/livox_lidar_def.h
[0.546s] -- Installing: /home/whaltze/rm/patrol/install/livox_sdk2/include/livox_lidar_api.h
[0.546s] -- Installing: /home/whaltze/rm/patrol/install/livox_sdk2/include/livox_lidar_cfg.h
[0.547s] -- Installing: /home/whaltze/rm/patrol/install/livox_sdk2/lib/liblivox_lidar_sdk_shared.so
