[0.010s] Invoking command in '/home/whaltze/rm/ros_ws/build/learning_image_transport': /usr/bin/cmake /home/whaltze/rm/ros_ws/src/learning_image_transport -DCATKIN_INSTALL_INTO_PREFIX_ROOT=0 -DCMAKE_INSTALL_PREFIX=/home/whaltze/rm/ros_ws/install/learning_image_transport
[0.067s] -- The C compiler identification is GNU 11.4.0
[0.117s] -- The CXX compiler identification is GNU 11.4.0
[0.126s] -- Detecting C compiler ABI info
[0.188s] -- Detecting C compiler ABI info - done
[0.193s] -- Check for working C compiler: /usr/bin/cc - skipped
[0.194s] -- Detecting C compile features
[0.194s] -- Detecting C compile features - done
[0.197s] -- Detecting CXX compiler ABI info
[0.274s] -- Detecting CXX compiler ABI info - done
[0.280s] -- Check for working CXX compiler: /usr/bin/c++ - skipped
[0.280s] -- Detecting CXX compile features
[0.281s] -- Detecting CXX compile features - done
[0.290s] [31mCMake Error at CMakeLists.txt:10 (find_package):
[0.290s]   By not providing "Findcatkin.cmake" in CMAKE_MODULE_PATH this project has
[0.290s]   asked CMake to find a package configuration file provided by "catkin", but
[0.290s]   CMake did not find one.
[0.290s] 
[0.290s]   Could not find a package configuration file provided by "catkin" with any
[0.290s]   of the following names:
[0.290s] 
[0.290s]     catkinConfig.cmake
[0.291s]     catkin-config.cmake
[0.291s] 
[0.291s]   Add the installation prefix of "catkin" to CMAKE_PREFIX_PATH or set
[0.291s]   "catkin_DIR" to a directory containing one of the above files.  If "catkin"
[0.291s]   provides a separate development package or SDK, be sure it has been
[0.291s]   installed.
[0.291s] 
[0.291s] [0m
[0.291s] -- Configuring incomplete, errors occurred!
[0.291s] See also "/home/whaltze/rm/ros_ws/build/learning_image_transport/CMakeFiles/CMakeOutput.log".
[0.294s] Invoked command in '/home/whaltze/rm/ros_ws/build/learning_image_transport' returned '1': /usr/bin/cmake /home/whaltze/rm/ros_ws/src/learning_image_transport -DCATKIN_INSTALL_INTO_PREFIX_ROOT=0 -DCMAKE_INSTALL_PREFIX=/home/whaltze/rm/ros_ws/install/learning_image_transport
