[ 20%] [32mBuilding CXX object CMakeFiles/linefit_ground_segmentation.dir/src/bin.cc.o[0m
[ 40%] [32mBuilding CXX object CMakeFiles/linefit_ground_segmentation.dir/src/segment.cc.o[0m
[ 60%] [32mBuilding CXX object CMakeFiles/linefit_ground_segmentation.dir/src/viewer.cc.o[0m
[ 80%] [32mBuilding CXX object CMakeFiles/linefit_ground_segmentation.dir/src/ground_segmentation.cc.o[0m
In file included from [01m[K/home/whaltze/rm/patrol/pb_rmsimulation/src/rm_perception/linefit_ground_segementation_ros2/linefit_ground_segmentation/src/bin.cc:1[m[K:
[01m[K/home/whaltze/rm/patrol/pb_rmsimulation/src/rm_perception/linefit_ground_segementation_ros2/linefit_ground_segmentation/include/ground_segmentation/bin.h:6:10:[m[K [01;31m[Kfatal error: [m[Kpcl/point_cloud.h: æ²¡æœ‰é‚£ä¸ªæ–‡ä»¶æˆ–ç›®å½•
    6 | #include [01;31m[K<pcl/point_cloud.h>[m[K
      |          [01;31m[K^~~~~~~~~~~~~~~~~~~[m[K
compilation terminated.
gmake[2]: *** [CMakeFiles/linefit_ground_segmentation.dir/build.make:76ï¼šCMakeFiles/linefit_ground_segmentation.dir/src/bin.cc.o] é”™è¯¯ 1
gmake[2]: *** æ­£åœ¨ç­‰å¾…æœªå®Œæˆçš„ä»»åŠ¡....
In file included from [01m[K/home/whaltze/rm/patrol/pb_rmsimulation/src/rm_perception/linefit_ground_segementation_ros2/linefit_ground_segmentation/include/ground_segmentation/segment.h:7[m[K,
                 from [01m[K/home/whaltze/rm/patrol/pb_rmsimulation/src/rm_perception/linefit_ground_segementation_ros2/linefit_ground_segmentation/src/segment.cc:1[m[K:
[01m[K/home/whaltze/rm/patrol/pb_rmsimulation/src/rm_perception/linefit_ground_segementation_ros2/linefit_ground_segmentation/include/ground_segmentation/bin.h:6:10:[m[K [01;31m[Kfatal error: [m[Kpcl/point_cloud.h: æ²¡æœ‰é‚£ä¸ªæ–‡ä»¶æˆ–ç›®å½•
    6 | #include [01;31m[K<pcl/point_cloud.h>[m[K
      |          [01;31m[K^~~~~~~~~~~~~~~~~~~[m[K
compilation terminated.
gmake[2]: *** [CMakeFiles/linefit_ground_segmentation.dir/build.make:104ï¼šCMakeFiles/linefit_ground_segmentation.dir/src/segment.cc.o] é”™è¯¯ 1
In file included from [01m[K/home/whaltze/rm/patrol/pb_rmsimulation/src/rm_perception/linefit_ground_segementation_ros2/linefit_ground_segmentation/include/ground_segmentation/segment.h:7[m[K,
                 from [01m[K/home/whaltze/rm/patrol/pb_rmsimulation/src/rm_perception/linefit_ground_segementation_ros2/linefit_ground_segmentation/include/ground_segmentation/ground_segmentation.h:6[m[K,
                 from [01m[K/home/whaltze/rm/patrol/pb_rmsimulation/src/rm_perception/linefit_ground_segementation_ros2/linefit_ground_segmentation/src/ground_segmentation.cc:1[m[K:
[01m[K/home/whaltze/rm/patrol/pb_rmsimulation/src/rm_perception/linefit_ground_segementation_ros2/linefit_ground_segmentation/include/ground_segmentation/bin.h:6:10:[m[K [01;31m[Kfatal error: [m[Kpcl/point_cloud.h: æ²¡æœ‰é‚£ä¸ªæ–‡ä»¶æˆ–ç›®å½•
    6 | #include [01;31m[K<pcl/point_cloud.h>[m[K
      |          [01;31m[K^~~~~~~~~~~~~~~~~~~[m[K
compilation terminated.
gmake[2]: *** [CMakeFiles/linefit_ground_segmentation.dir/build.make:90ï¼šCMakeFiles/linefit_ground_segmentation.dir/src/ground_segmentation.cc.o] é”™è¯¯ 1
In file included from [01m[K/home/whaltze/rm/patrol/pb_rmsimulation/src/rm_perception/linefit_ground_segementation_ros2/linefit_ground_segmentation/src/viewer.cc:1[m[K:
[01m[K/home/whaltze/rm/patrol/pb_rmsimulation/src/rm_perception/linefit_ground_segementation_ros2/linefit_ground_segmentation/include/ground_segmentation/viewer.h:7:10:[m[K [01;31m[Kfatal error: [m[Kpcl/visualization/pcl_visualizer.h: æ²¡æœ‰é‚£ä¸ªæ–‡ä»¶æˆ–ç›®å½•
    7 | #include [01;31m[K<pcl/visualization/pcl_visualizer.h>[m[K
      |          [01;31m[K^~~~~~~~~~~~~~~~~~~~~~~~~~~~~~~~~~~~[m[K
compilation terminated.
gmake[2]: *** [CMakeFiles/linefit_ground_segmentation.dir/build.make:118ï¼šCMakeFiles/linefit_ground_segmentation.dir/src/viewer.cc.o] é”™è¯¯ 1
gmake[1]: *** [CMakeFiles/Makefile2:138ï¼šCMakeFiles/linefit_ground_segmentation.dir/all] é”™è¯¯ 2
gmake: *** [Makefile:146ï¼šall] é”™è¯¯ 2
