[35m[1mConsolidate compiler generated dependencies of target costmap_converter_msgs__rosidl_generator_c[0m
[  2%] Built target costmap_converter_msgs__cpp
[35m[1mConsolidate compiler generated dependencies of target costmap_converter_msgs__rosidl_typesupport_cpp[0m
[35m[1mConsolidate compiler generated dependencies of target costmap_converter_msgs__rosidl_typesupport_fastrtps_cpp[0m
[35m[1mConsolidate compiler generated dependencies of target costmap_converter_msgs__rosidl_typesupport_introspection_cpp[0m
[  2%] Built target ament_cmake_python_symlink_costmap_converter_msgs
[ 12%] Built target costmap_converter_msgs__rosidl_generator_c
[ 23%] Built target costmap_converter_msgs__rosidl_typesupport_cpp
[ 33%] Built target costmap_converter_msgs__rosidl_typesupport_introspection_cpp
[35m[1mConsolidate compiler generated dependencies of target costmap_converter_msgs__rosidl_typesupport_fastrtps_c[0m
[35m[1mConsolidate compiler generated dependencies of target costmap_converter_msgs__rosidl_typesupport_introspection_c[0m
[ 43%] Built target costmap_converter_msgs__rosidl_typesupport_fastrtps_cpp
[35m[1mConsolidate compiler generated dependencies of target costmap_converter_msgs__rosidl_typesupport_c[0m
[ 53%] Built target costmap_converter_msgs__rosidl_typesupport_introspection_c
[ 64%] Built target costmap_converter_msgs__rosidl_typesupport_fastrtps_c
[ 74%] Built target costmap_converter_msgs__rosidl_typesupport_c
[ 74%] Built target costmap_converter_msgs
[ 76%] Built target costmap_converter_msgs__py
[35m[1mConsolidate compiler generated dependencies of target costmap_converter_msgs__rosidl_generator_py[0m
[ 84%] Built target costmap_converter_msgs__rosidl_generator_py
[35m[1mConsolidate compiler generated dependencies of target costmap_converter_msgs__rosidl_typesupport_introspection_c__pyext[0m
[35m[1mConsolidate compiler generated dependencies of target costmap_converter_msgs__rosidl_typesupport_fastrtps_c__pyext[0m
[35m[1mConsolidate compiler generated dependencies of target costmap_converter_msgs__rosidl_typesupport_c__pyext[0m
[ 89%] Built target costmap_converter_msgs__rosidl_typesupport_fastrtps_c__pyext
[ 94%] Built target costmap_converter_msgs__rosidl_typesupport_introspection_c__pyext
[100%] Built target costmap_converter_msgs__rosidl_typesupport_c__pyext
running egg_info
writing costmap_converter_msgs.egg-info/PKG-INFO
writing dependency_links to costmap_converter_msgs.egg-info/dependency_links.txt
writing top-level names to costmap_converter_msgs.egg-info/top_level.txt
reading manifest file 'costmap_converter_msgs.egg-info/SOURCES.txt'
writing manifest file 'costmap_converter_msgs.egg-info/SOURCES.txt'
[100%] Built target ament_cmake_python_build_costmap_converter_msgs_egg
