[0.033s] Invoking command in '/home/whaltze/rm/patrol/build/costmap_converter_msgs': CMAKE_PREFIX_PATH=/opt/ros/humble CONDA_PROMPT_MODIFIER=(rm) /usr/bin/cmake --build /home/whaltze/rm/patrol/build/costmap_converter_msgs -- -j8 -l8
[0.087s] [35m[1mConsolidate compiler generated dependencies of target costmap_converter_msgs__rosidl_generator_c[0m
[0.088s] [  2%] Built target costmap_converter_msgs__cpp
[0.114s] [35m[1mConsolidate compiler generated dependencies of target costmap_converter_msgs__rosidl_typesupport_cpp[0m
[0.114s] [35m[1mConsolidate compiler generated dependencies of target costmap_converter_msgs__rosidl_typesupport_fastrtps_cpp[0m
[0.120s] [35m[1mConsolidate compiler generated dependencies of target costmap_converter_msgs__rosidl_typesupport_introspection_cpp[0m
[0.124s] [  2%] Built target ament_cmake_python_symlink_costmap_converter_msgs
[0.124s] [ 12%] Built target costmap_converter_msgs__rosidl_generator_c
[0.134s] [ 23%] Built target costmap_converter_msgs__rosidl_typesupport_cpp
[0.155s] [ 33%] Built target costmap_converter_msgs__rosidl_typesupport_introspection_cpp
[0.156s] [35m[1mConsolidate compiler generated dependencies of target costmap_converter_msgs__rosidl_typesupport_fastrtps_c[0m
[0.156s] [35m[1mConsolidate compiler generated dependencies of target costmap_converter_msgs__rosidl_typesupport_introspection_c[0m
[0.163s] [ 43%] Built target costmap_converter_msgs__rosidl_typesupport_fastrtps_cpp
[0.179s] [35m[1mConsolidate compiler generated dependencies of target costmap_converter_msgs__rosidl_typesupport_c[0m
[0.186s] [ 53%] Built target costmap_converter_msgs__rosidl_typesupport_introspection_c
[0.213s] [ 64%] Built target costmap_converter_msgs__rosidl_typesupport_fastrtps_c
[0.213s] [ 74%] Built target costmap_converter_msgs__rosidl_typesupport_c
[0.287s] [ 74%] Built target costmap_converter_msgs
[0.346s] [ 76%] Built target costmap_converter_msgs__py
[0.373s] [35m[1mConsolidate compiler generated dependencies of target costmap_converter_msgs__rosidl_generator_py[0m
[0.402s] [ 84%] Built target costmap_converter_msgs__rosidl_generator_py
[0.422s] [35m[1mConsolidate compiler generated dependencies of target costmap_converter_msgs__rosidl_typesupport_introspection_c__pyext[0m
[0.423s] [35m[1mConsolidate compiler generated dependencies of target costmap_converter_msgs__rosidl_typesupport_fastrtps_c__pyext[0m
[0.451s] [35m[1mConsolidate compiler generated dependencies of target costmap_converter_msgs__rosidl_typesupport_c__pyext[0m
[0.459s] [ 89%] Built target costmap_converter_msgs__rosidl_typesupport_fastrtps_c__pyext
[0.466s] [ 94%] Built target costmap_converter_msgs__rosidl_typesupport_introspection_c__pyext
[0.480s] [100%] Built target costmap_converter_msgs__rosidl_typesupport_c__pyext
[0.484s] running egg_info
[0.506s] writing costmap_converter_msgs.egg-info/PKG-INFO
[0.506s] writing dependency_links to costmap_converter_msgs.egg-info/dependency_links.txt
[0.507s] writing top-level names to costmap_converter_msgs.egg-info/top_level.txt
[0.559s] reading manifest file 'costmap_converter_msgs.egg-info/SOURCES.txt'
[0.561s] writing manifest file 'costmap_converter_msgs.egg-info/SOURCES.txt'
[0.595s] [100%] Built target ament_cmake_python_build_costmap_converter_msgs_egg
