[0.029s] Invoking command in '/home/whaltze/rm/patrol/build/costmap_converter_msgs': CMAKE_PREFIX_PATH=/opt/ros/humble CONDA_PROMPT_MODIFIER=(rm) /usr/bin/cmake /home/whaltze/rm/patrol/pb_rmsimulation/src/rm_navigation/costmap_converter/costmap_converter_msgs -DAMENT_CMAKE_SYMLINK_INSTALL=1 -DCMAKE_INSTALL_PREFIX=/home/whaltze/rm/patrol/install/costmap_converter_msgs
[0.128s] -- The C compiler identification is GNU 11.4.0
[0.182s] -- The CXX compiler identification is GNU 11.4.0
[0.192s] -- Detecting C compiler ABI info
[0.255s] -- Detecting C compiler ABI info - done
[0.260s] -- Check for working C compiler: /usr/bin/cc - skipped
[0.260s] -- Detecting C compile features
[0.261s] -- Detecting C compile features - done
[0.263s] -- Detecting CXX compiler ABI info
[0.350s] -- Detecting CXX compiler ABI info - done
[0.355s] -- Check for working CXX compiler: /usr/bin/c++ - skipped
[0.355s] -- Detecting CXX compile features
[0.355s] -- Detecting CXX compile features - done
[0.359s] -- Found ament_cmake: 1.3.9 (/opt/ros/humble/share/ament_cmake/cmake)
[0.837s] -- Found Python3: /usr/bin/python3 (found version "3.10.12") found components: Interpreter 
[0.915s] -- Override CMake install command with custom implementation using symlinks instead of copying resources
[0.996s] -- Found builtin_interfaces: 1.2.1 (/opt/ros/humble/share/builtin_interfaces/cmake)
[1.086s] -- Found rosidl_generator_c: 3.1.5 (/opt/ros/humble/share/rosidl_generator_c/cmake)
[1.102s] -- Found rosidl_adapter: 3.1.5 (/opt/ros/humble/share/rosidl_adapter/cmake)
[1.147s] -- Found rosidl_generator_cpp: 3.1.5 (/opt/ros/humble/share/rosidl_generator_cpp/cmake)
[1.198s] -- Using all available rosidl_typesupport_c: rosidl_typesupport_fastrtps_c;rosidl_typesupport_introspection_c
[1.260s] -- Using all available rosidl_typesupport_cpp: rosidl_typesupport_fastrtps_cpp;rosidl_typesupport_introspection_cpp
[1.309s] -- Found geometry_msgs: 4.2.4 (/opt/ros/humble/share/geometry_msgs/cmake)
[1.545s] -- Found rosidl_default_generators: 1.2.0 (/opt/ros/humble/share/rosidl_default_generators/cmake)
[2.086s] -- Found ament_cmake_ros: 0.10.0 (/opt/ros/humble/share/ament_cmake_ros/cmake)
[2.981s] -- Using all available rosidl_typesupport_c: rosidl_typesupport_fastrtps_c;rosidl_typesupport_introspection_c
[3.318s] -- Using all available rosidl_typesupport_cpp: rosidl_typesupport_fastrtps_cpp;rosidl_typesupport_introspection_cpp
[3.378s] -- Found PythonInterp: /usr/bin/python3 (found suitable version "3.10.12", minimum required is "3.6") 
[3.379s] -- Found python_cmake_module: 0.10.0 (/opt/ros/humble/share/python_cmake_module/cmake)
[3.427s] -- Found PythonLibs: /usr/lib/x86_64-linux-gnu/libpython3.10.so (found suitable version "3.10.12", minimum required is "3.5") 
[3.427s] -- Using PYTHON_EXECUTABLE: /usr/bin/python3
[3.427s] -- Using PYTHON_INCLUDE_DIRS: /usr/include/python3.10
[3.427s] -- Using PYTHON_LIBRARIES: /usr/lib/x86_64-linux-gnu/libpython3.10.so
[3.470s] -- Found PythonExtra: .so  
[3.607s] -- Configuring done
[3.670s] -- Generating done
[3.676s] -- Build files have been written to: /home/whaltze/rm/patrol/build/costmap_converter_msgs
[3.705s] Invoked command in '/home/whaltze/rm/patrol/build/costmap_converter_msgs' returned '0': CMAKE_PREFIX_PATH=/opt/ros/humble CONDA_PROMPT_MODIFIER=(rm) /usr/bin/cmake /home/whaltze/rm/patrol/pb_rmsimulation/src/rm_navigation/costmap_converter/costmap_converter_msgs -DAMENT_CMAKE_SYMLINK_INSTALL=1 -DCMAKE_INSTALL_PREFIX=/home/whaltze/rm/patrol/install/costmap_converter_msgs
[3.706s] Invoking command in '/home/whaltze/rm/patrol/build/costmap_converter_msgs': CMAKE_PREFIX_PATH=/opt/ros/humble CONDA_PROMPT_MODIFIER=(rm) /usr/bin/cmake --build /home/whaltze/rm/patrol/build/costmap_converter_msgs -- -j8 -l8
[4.129s] [  2%] [34m[1mGenerating C code for ROS interfaces[0m
[4.129s] [  5%] [34m[1mGenerating C++ code for ROS interfaces[0m
[4.129s] [  5%] Built target ament_cmake_python_symlink_costmap_converter_msgs
[4.600s] running egg_info
[4.612s] creating costmap_converter_msgs.egg-info
[4.621s] writing costmap_converter_msgs.egg-info/PKG-INFO
[4.621s] writing dependency_links to costmap_converter_msgs.egg-info/dependency_links.txt
[4.621s] writing top-level names to costmap_converter_msgs.egg-info/top_level.txt
[4.621s] writing manifest file 'costmap_converter_msgs.egg-info/SOURCES.txt'
[4.650s] [  5%] Built target costmap_converter_msgs__cpp
[4.676s] reading manifest file 'costmap_converter_msgs.egg-info/SOURCES.txt'
[4.676s] writing manifest file 'costmap_converter_msgs.egg-info/SOURCES.txt'
[4.677s] [  7%] [34m[1mGenerating C++ type support dispatch for ROS interfaces[0m
[4.688s] [ 10%] [34m[1mGenerating C++ type support for eProsima Fast-RTPS[0m
[4.689s] [ 12%] [34m[1mGenerating C++ introspection for ROS interfaces[0m
[4.692s] [ 15%] [32mBuilding C object CMakeFiles/costmap_converter_msgs__rosidl_generator_c.dir/rosidl_generator_c/costmap_converter_msgs/msg/detail/obstacle_msg__functions.c.o[0m
[4.714s] [ 17%] [32mBuilding C object CMakeFiles/costmap_converter_msgs__rosidl_generator_c.dir/rosidl_generator_c/costmap_converter_msgs/msg/detail/obstacle_array_msg__functions.c.o[0m
[4.769s] [ 17%] Built target ament_cmake_python_build_costmap_converter_msgs_egg
[4.892s] [ 20%] [32m[1mLinking C shared library libcostmap_converter_msgs__rosidl_generator_c.so[0m
[5.016s] [ 20%] Built target costmap_converter_msgs__rosidl_generator_c
[5.050s] [ 23%] [34m[1mGenerating C type support for eProsima Fast-RTPS[0m
[5.054s] [ 25%] [34m[1mGenerating C type support dispatch for ROS interfaces[0m
[5.064s] [ 28%] [34m[1mGenerating C introspection for ROS interfaces[0m
[5.107s] [ 30%] [32mBuilding CXX object CMakeFiles/costmap_converter_msgs__rosidl_typesupport_cpp.dir/rosidl_typesupport_cpp/costmap_converter_msgs/msg/obstacle_array_msg__type_support.cpp.o[0m
[5.109s] [ 33%] [32mBuilding CXX object CMakeFiles/costmap_converter_msgs__rosidl_typesupport_cpp.dir/rosidl_typesupport_cpp/costmap_converter_msgs/msg/obstacle_msg__type_support.cpp.o[0m
[5.473s] [ 35%] [32mBuilding CXX object CMakeFiles/costmap_converter_msgs__rosidl_typesupport_introspection_cpp.dir/rosidl_typesupport_introspection_cpp/costmap_converter_msgs/msg/detail/obstacle_msg__type_support.cpp.o[0m
[5.490s] [ 38%] [32mBuilding CXX object CMakeFiles/costmap_converter_msgs__rosidl_typesupport_introspection_cpp.dir/rosidl_typesupport_introspection_cpp/costmap_converter_msgs/msg/detail/obstacle_array_msg__type_support.cpp.o[0m
[5.595s] [ 41%] [32mBuilding CXX object CMakeFiles/costmap_converter_msgs__rosidl_typesupport_fastrtps_cpp.dir/rosidl_typesupport_fastrtps_cpp/costmap_converter_msgs/msg/detail/dds_fastrtps/obstacle_array_msg__type_support.cpp.o[0m
[5.601s] [ 43%] [32mBuilding CXX object CMakeFiles/costmap_converter_msgs__rosidl_typesupport_fastrtps_cpp.dir/rosidl_typesupport_fastrtps_cpp/costmap_converter_msgs/msg/detail/dds_fastrtps/obstacle_msg__type_support.cpp.o[0m
[5.806s] [ 46%] [32m[1mLinking CXX shared library libcostmap_converter_msgs__rosidl_typesupport_cpp.so[0m
[5.807s] [ 48%] [32mBuilding CXX object CMakeFiles/costmap_converter_msgs__rosidl_typesupport_fastrtps_c.dir/rosidl_typesupport_fastrtps_c/costmap_converter_msgs/msg/detail/obstacle_msg__type_support_c.cpp.o[0m
[5.855s] [ 51%] [32mBuilding CXX object CMakeFiles/costmap_converter_msgs__rosidl_typesupport_c.dir/rosidl_typesupport_c/costmap_converter_msgs/msg/obstacle_msg__type_support.cpp.o[0m
[5.918s] [ 51%] Built target costmap_converter_msgs__rosidl_typesupport_cpp
[5.928s] [ 53%] [32mBuilding CXX object CMakeFiles/costmap_converter_msgs__rosidl_typesupport_fastrtps_c.dir/rosidl_typesupport_fastrtps_c/costmap_converter_msgs/msg/detail/obstacle_array_msg__type_support_c.cpp.o[0m
[5.938s] [ 56%] [32mBuilding CXX object CMakeFiles/costmap_converter_msgs__rosidl_typesupport_c.dir/rosidl_typesupport_c/costmap_converter_msgs/msg/obstacle_array_msg__type_support.cpp.o[0m
[5.992s] [ 58%] [32mBuilding C object CMakeFiles/costmap_converter_msgs__rosidl_typesupport_introspection_c.dir/rosidl_typesupport_introspection_c/costmap_converter_msgs/msg/detail/obstacle_msg__type_support.c.o[0m
[6.027s] [ 61%] [32m[1mLinking CXX shared library libcostmap_converter_msgs__rosidl_typesupport_c.so[0m
[6.094s] [ 64%] [32mBuilding C object CMakeFiles/costmap_converter_msgs__rosidl_typesupport_introspection_c.dir/rosidl_typesupport_introspection_c/costmap_converter_msgs/msg/detail/obstacle_array_msg__type_support.c.o[0m
[6.157s] [ 64%] Built target costmap_converter_msgs__rosidl_typesupport_c
[6.212s] [ 66%] [32m[1mLinking C shared library libcostmap_converter_msgs__rosidl_typesupport_introspection_c.so[0m
[6.293s] [ 66%] Built target costmap_converter_msgs__rosidl_typesupport_introspection_c
[6.607s] [ 69%] [32m[1mLinking CXX shared library libcostmap_converter_msgs__rosidl_typesupport_introspection_cpp.so[0m
[6.641s] [ 71%] [32m[1mLinking CXX shared library libcostmap_converter_msgs__rosidl_typesupport_fastrtps_cpp.so[0m
[6.659s] [ 74%] [32m[1mLinking CXX shared library libcostmap_converter_msgs__rosidl_typesupport_fastrtps_c.so[0m
[6.786s] [ 74%] Built target costmap_converter_msgs__rosidl_typesupport_introspection_cpp
[6.822s] [ 74%] Built target costmap_converter_msgs__rosidl_typesupport_fastrtps_c
[6.926s] [ 74%] Built target costmap_converter_msgs__rosidl_typesupport_fastrtps_cpp
[6.967s] [ 74%] Built target costmap_converter_msgs
[7.018s] [ 76%] [34m[1mGenerating Python code for ROS interfaces[0m
[7.709s] [ 76%] Built target costmap_converter_msgs__py
[7.773s] [ 79%] [32mBuilding C object CMakeFiles/costmap_converter_msgs__rosidl_generator_py.dir/rosidl_generator_py/costmap_converter_msgs/msg/_obstacle_msg_s.c.o[0m
[7.780s] [ 82%] [32mBuilding C object CMakeFiles/costmap_converter_msgs__rosidl_generator_py.dir/rosidl_generator_py/costmap_converter_msgs/msg/_obstacle_array_msg_s.c.o[0m
[8.028s] [ 84%] [32m[1mLinking C shared library rosidl_generator_py/costmap_converter_msgs/libcostmap_converter_msgs__rosidl_generator_py.so[0m
[8.125s] [ 84%] Built target costmap_converter_msgs__rosidl_generator_py
[8.183s] [ 87%] [32mBuilding C object CMakeFiles/costmap_converter_msgs__rosidl_typesupport_c__pyext.dir/rosidl_generator_py/costmap_converter_msgs/_costmap_converter_msgs_s.ep.rosidl_typesupport_c.c.o[0m
[8.196s] [ 89%] [32mBuilding C object CMakeFiles/costmap_converter_msgs__rosidl_typesupport_fastrtps_c__pyext.dir/rosidl_generator_py/costmap_converter_msgs/_costmap_converter_msgs_s.ep.rosidl_typesupport_fastrtps_c.c.o[0m
[8.216s] [ 92%] [32mBuilding C object CMakeFiles/costmap_converter_msgs__rosidl_typesupport_introspection_c__pyext.dir/rosidl_generator_py/costmap_converter_msgs/_costmap_converter_msgs_s.ep.rosidl_typesupport_introspection_c.c.o[0m
[8.426s] [ 94%] [32m[1mLinking C shared library rosidl_generator_py/costmap_converter_msgs/costmap_converter_msgs_s__rosidl_typesupport_c.cpython-310-x86_64-linux-gnu.so[0m
[8.435s] [ 97%] [32m[1mLinking C shared library rosidl_generator_py/costmap_converter_msgs/costmap_converter_msgs_s__rosidl_typesupport_fastrtps_c.cpython-310-x86_64-linux-gnu.so[0m
[8.472s] [100%] [32m[1mLinking C shared library rosidl_generator_py/costmap_converter_msgs/costmap_converter_msgs_s__rosidl_typesupport_introspection_c.cpython-310-x86_64-linux-gnu.so[0m
[8.530s] [100%] Built target costmap_converter_msgs__rosidl_typesupport_fastrtps_c__pyext
[8.576s] [100%] Built target costmap_converter_msgs__rosidl_typesupport_c__pyext
[8.588s] [100%] Built target costmap_converter_msgs__rosidl_typesupport_introspection_c__pyext
