[0.523s] Invoking command in '/home/whaltze/rm/202302/ros2/src/camera': PYTHONPATH=/home/whaltze/rm/202302/ros2/build/camera/prefix_override:/usr/lib/python3/dist-packages/colcon_core/task/python/colcon_distutils_commands:/home/whaltze/rm/202302/ros2/install/camera/lib/python3.10/site-packages:${PYTHONPATH} /usr/bin/python3 -W ignore:setup.py install is deprecated setup.py egg_info --egg-base ../../build/camera build --build-base /home/whaltze/rm/202302/ros2/build/camera/build install --record /home/whaltze/rm/202302/ros2/build/camera/install.log --single-version-externally-managed install_data
[0.700s] running egg_info
[0.711s] writing ../../build/camera/camera.egg-info/PKG-INFO
[0.711s] writing dependency_links to ../../build/camera/camera.egg-info/dependency_links.txt
[0.711s] writing entry points to ../../build/camera/camera.egg-info/entry_points.txt
[0.712s] writing requirements to ../../build/camera/camera.egg-info/requires.txt
[0.712s] writing top-level names to ../../build/camera/camera.egg-info/top_level.txt
[0.734s] reading manifest file '../../build/camera/camera.egg-info/SOURCES.txt'
[0.735s] writing manifest file '../../build/camera/camera.egg-info/SOURCES.txt'
[0.735s] running build
[0.735s] running build_py
[0.735s] copying camera/__init__.py -> /home/whaltze/rm/202302/ros2/build/camera/build/lib/camera
[0.736s] copying camera/camera_node.py -> /home/whaltze/rm/202302/ros2/build/camera/build/lib/camera
[0.736s] running install
[0.739s] running install_lib
[0.749s] copying /home/whaltze/rm/202302/ros2/build/camera/build/lib/camera/camera_node.py -> /home/whaltze/rm/202302/ros2/install/camera/lib/python3.10/site-packages/camera
[0.750s] byte-compiling /home/whaltze/rm/202302/ros2/install/camera/lib/python3.10/site-packages/camera/camera_node.py to camera_node.cpython-310.pyc
[0.750s] running install_data
[0.750s] copying resource/camera -> /home/whaltze/rm/202302/ros2/install/camera/share/ament_index/resource_index/packages
[0.750s] copying package.xml -> /home/whaltze/rm/202302/ros2/install/camera/share/camera
[0.751s] running install_egg_info
[0.762s] removing '/home/whaltze/rm/202302/ros2/install/camera/lib/python3.10/site-packages/camera-0.0.0-py3.10.egg-info' (and everything under it)
[0.762s] Copying ../../build/camera/camera.egg-info to /home/whaltze/rm/202302/ros2/install/camera/lib/python3.10/site-packages/camera-0.0.0-py3.10.egg-info
[0.763s] running install_scripts
[0.862s] Installing camera_node script to /home/whaltze/rm/202302/ros2/install/camera/lib/camera
[0.862s] writing list of installed files to '/home/whaltze/rm/202302/ros2/build/camera/install.log'
[0.882s] Invoked command in '/home/whaltze/rm/202302/ros2/src/camera' returned '0': PYTHONPATH=/home/whaltze/rm/202302/ros2/build/camera/prefix_override:/usr/lib/python3/dist-packages/colcon_core/task/python/colcon_distutils_commands:/home/whaltze/rm/202302/ros2/install/camera/lib/python3.10/site-packages:${PYTHONPATH} /usr/bin/python3 -W ignore:setup.py install is deprecated setup.py egg_info --egg-base ../../build/camera build --build-base /home/whaltze/rm/202302/ros2/build/camera/build install --record /home/whaltze/rm/202302/ros2/build/camera/install.log --single-version-externally-managed install_data
