[0.035s] Invoking command in '/home/whaltze/rm/patrol/build/rm_nav_bringup': CMAKE_PREFIX_PATH=/opt/ros/humble CONDA_PROMPT_MODIFIER=(rm) /usr/bin/cmake /home/whaltze/rm/patrol/pb_rmsimulation/src/rm_nav_bringup -DAMENT_CMAKE_SYMLINK_INSTALL=1 -DCMAKE_INSTALL_PREFIX=/home/whaltze/rm/patrol/install/rm_nav_bringup
[0.159s] -- The C compiler identification is GNU 11.4.0
[0.247s] -- The CXX compiler identification is GNU 11.4.0
[0.263s] -- Detecting C compiler ABI info
[0.398s] -- Detecting C compiler ABI info - done
[0.415s] -- Check for working C compiler: /usr/bin/cc - skipped
[0.415s] -- Detecting C compile features
[0.415s] -- Detecting C compile features - done
[0.422s] -- Detecting CXX compiler ABI info
[0.634s] -- Detecting CXX compiler ABI info - done
[0.640s] -- Check for working CXX compiler: /usr/bin/c++ - skipped
[0.641s] -- Detecting CXX compile features
[0.651s] -- Detecting CXX compile features - done
[0.651s] -- Found ament_cmake_auto: 1.3.9 (/opt/ros/humble/share/ament_cmake_auto/cmake)
[1.165s] -- Found Python3: /usr/bin/python3 (found version "3.10.12") found components: Interpreter 
[1.220s] -- Override CMake install command with custom implementation using symlinks instead of copying resources
[1.244s] -- Found ament_lint_auto: 0.12.11 (/opt/ros/humble/share/ament_lint_auto/cmake)
[1.309s] -- Configuring done
[1.315s] -- Generating done
[1.315s] -- Build files have been written to: /home/whaltze/rm/patrol/build/rm_nav_bringup
