running egg_info
writing ../../build/camera/camera.egg-info/PKG-INFO
writing dependency_links to ../../build/camera/camera.egg-info/dependency_links.txt
writing entry points to ../../build/camera/camera.egg-info/entry_points.txt
writing requirements to ../../build/camera/camera.egg-info/requires.txt
writing top-level names to ../../build/camera/camera.egg-info/top_level.txt
reading manifest file '../../build/camera/camera.egg-info/SOURCES.txt'
writing manifest file '../../build/camera/camera.egg-info/SOURCES.txt'
running build
running build_py
copying camera/__init__.py -> /home/whaltze/rm/202302/ros2/build/camera/build/lib/camera
copying camera/camera_node.py -> /home/whaltze/rm/202302/ros2/build/camera/build/lib/camera
running install
running install_lib
running install_data
copying resource/camera -> /home/whaltze/rm/202302/ros2/install/camera/share/ament_index/resource_index/packages
copying package.xml -> /home/whaltze/rm/202302/ros2/install/camera/share/camera
running install_egg_info
removing '/home/whaltze/rm/202302/ros2/install/camera/lib/python3.10/site-packages/camera-0.0.0-py3.10.egg-info' (and everything under it)
Copying ../../build/camera/camera.egg-info to /home/whaltze/rm/202302/ros2/install/camera/lib/python3.10/site-packages/camera-0.0.0-py3.10.egg-info
running install_scripts
Installing camera_node script to /home/whaltze/rm/202302/ros2/install/camera/lib/camera
writing list of installed files to '/home/whaltze/rm/202302/ros2/build/camera/install.log'
