[0.527s] Invoking command in '/home/whaltze/rm/202302/ros2/src/camera': PYTHONPATH=/home/whaltze/rm/202302/ros2/build/camera/prefix_override:/usr/lib/python3/dist-packages/colcon_core/task/python/colcon_distutils_commands:/home/whaltze/rm/202302/ros2/install/camera/lib/python3.10/site-packages:${PYTHONPATH} /usr/bin/python3 -W ignore:setup.py install is deprecated setup.py egg_info --egg-base ../../build/camera build --build-base /home/whaltze/rm/202302/ros2/build/camera/build install --record /home/whaltze/rm/202302/ros2/build/camera/install.log --single-version-externally-managed install_data
[0.696s] running egg_info
[0.706s] writing ../../build/camera/camera.egg-info/PKG-INFO
[0.707s] writing dependency_links to ../../build/camera/camera.egg-info/dependency_links.txt
[0.707s] writing entry points to ../../build/camera/camera.egg-info/entry_points.txt
[0.707s] writing requirements to ../../build/camera/camera.egg-info/requires.txt
[0.707s] writing top-level names to ../../build/camera/camera.egg-info/top_level.txt
[0.731s] reading manifest file '../../build/camera/camera.egg-info/SOURCES.txt'
[0.732s] writing manifest file '../../build/camera/camera.egg-info/SOURCES.txt'
[0.732s] running build
[0.732s] running build_py
[0.732s] copying camera/__init__.py -> /home/whaltze/rm/202302/ros2/build/camera/build/lib/camera
[0.733s] copying camera/camera_node.py -> /home/whaltze/rm/202302/ros2/build/camera/build/lib/camera
[0.733s] running install
[0.736s] running install_lib
[0.748s] running install_data
[0.748s] copying resource/camera -> /home/whaltze/rm/202302/ros2/install/camera/share/ament_index/resource_index/packages
[0.748s] copying package.xml -> /home/whaltze/rm/202302/ros2/install/camera/share/camera
[0.748s] running install_egg_info
[0.759s] removing '/home/whaltze/rm/202302/ros2/install/camera/lib/python3.10/site-packages/camera-0.0.0-py3.10.egg-info' (and everything under it)
[0.760s] Copying ../../build/camera/camera.egg-info to /home/whaltze/rm/202302/ros2/install/camera/lib/python3.10/site-packages/camera-0.0.0-py3.10.egg-info
[0.762s] running install_scripts
[0.862s] Installing camera_node script to /home/whaltze/rm/202302/ros2/install/camera/lib/camera
[0.863s] writing list of installed files to '/home/whaltze/rm/202302/ros2/build/camera/install.log'
[0.879s] Invoked command in '/home/whaltze/rm/202302/ros2/src/camera' returned '0': PYTHONPATH=/home/whaltze/rm/202302/ros2/build/camera/prefix_override:/usr/lib/python3/dist-packages/colcon_core/task/python/colcon_distutils_commands:/home/whaltze/rm/202302/ros2/install/camera/lib/python3.10/site-packages:${PYTHONPATH} /usr/bin/python3 -W ignore:setup.py install is deprecated setup.py egg_info --egg-base ../../build/camera build --build-base /home/whaltze/rm/202302/ros2/build/camera/build install --record /home/whaltze/rm/202302/ros2/build/camera/install.log --single-version-externally-managed install_data
