[0.011s] Invoking command in '/home/whaltze/rm/ros_ws/build/learning_image_transport': /usr/bin/cmake --build /home/whaltze/rm/ros_ws/build/learning_image_transport -- -j8 -l8
[0.029s] -- Found ament_cmake: 1.3.9 (/opt/ros/humble/share/ament_cmake/cmake)
[0.132s] -- Found rclcpp: 16.0.9 (/opt/ros/humble/share/rclcpp/cmake)
[0.132s] [33mCMake Warning (dev) at /opt/ros/humble/share/ament_cmake_core/cmake/core/normalize_path.cmake:52 (while):
[0.132s]   had incorrect arguments:
[0.132s] 
[0.132s]     "TRUE"
[0.132s] 
[0.132s]   An argument named "TRUE" appears in a conditional statement.  Policy
[0.133s]   CMP0012 is not set: if() recognizes numbers and boolean constants.  Run
[0.133s]   "cmake --help-policy CMP0012" for policy details.  Use the cmake_policy
[0.133s]   command to set the policy and suppress this warning.
[0.133s] Call Stack (most recent call first):
[0.133s]   /opt/ros/humble/share/ament_cmake_core/cmake/core/normalize_path.cmake:34 (_normalize_path__collapse_redundant)
[0.133s]   /opt/ros/humble/share/rclcpp/cmake/ament_cmake_export_include_directories-extras.cmake:13 (normalize_path)
[0.133s]   /opt/ros/humble/share/rclcpp/cmake/rclcppConfig.cmake:41 (include)
[0.133s]   CMakeLists.txt:4 (find_package)
[0.133s] This warning is for project developers.  Use -Wno-dev to suppress it.
[0.133s] [0m
[0.133s] [33mCMake Warning (dev) at /opt/ros/humble/share/ament_cmake_core/cmake/core/normalize_path.cmake:72 (while):
[0.133s]   had incorrect arguments:
[0.133s] 
[0.133s]     "TRUE"
[0.133s] 
[0.133s]   An argument named "TRUE" appears in a conditional statement.  Policy
[0.133s]   CMP0012 is not set: if() recognizes numbers and boolean constants.  Run
[0.134s]   "cmake --help-policy CMP0012" for policy details.  Use the cmake_policy
[0.134s]   command to set the policy and suppress this warning.
[0.134s] Call Stack (most recent call first):
[0.134s]   /opt/ros/humble/share/ament_cmake_core/cmake/core/normalize_path.cmake:35 (_normalize_path__collapse_uplevel_reference)
[0.134s]   /opt/ros/humble/share/rclcpp/cmake/ament_cmake_export_include_directories-extras.cmake:13 (normalize_path)
[0.134s]   /opt/ros/humble/share/rclcpp/cmake/rclcppConfig.cmake:41 (include)
[0.134s]   CMakeLists.txt:4 (find_package)
[0.134s] This warning is for project developers.  Use -Wno-dev to suppress it.
[0.134s] [0m
[0.136s] [33mCMake Warning (dev) at /opt/ros/humble/share/ament_cmake_core/cmake/core/list_append_unique.cmake:30 (if):
[0.136s]   Policy CMP0057 is not set: Support new IN_LIST if() operator.  Run "cmake
[0.136s]   --help-policy CMP0057" for policy details.  Use the cmake_policy command to
[0.136s]   set the policy and suppress this warning.
[0.136s] 
[0.136s]   IN_LIST will be interpreted as an operator when the policy is set to NEW.
[0.136s]   Since the policy is not set the OLD behavior will be used.
[0.136s] Call Stack (most recent call first):
[0.136s]   /opt/ros/humble/share/rclcpp/cmake/ament_cmake_export_dependencies-extras.cmake:34 (list_append_unique)
[0.136s]   /opt/ros/humble/share/rclcpp/cmake/rclcppConfig.cmake:41 (include)
[0.136s]   CMakeLists.txt:4 (find_package)
[0.136s] This warning is for project developers.  Use -Wno-dev to suppress it.
[0.136s] [0m
[0.136s] [31mCMake Error at /opt/ros/humble/share/ament_cmake_core/cmake/core/list_append_unique.cmake:30 (if):
[0.137s]   if given arguments:
[0.137s] 
[0.137s]     "NOT" "element" "IN_LIST" "rclcpp_INCLUDE_DIRS"
[0.137s] 
[0.137s]   Unknown arguments specified
[0.137s] Call Stack (most recent call first):
[0.137s]   /opt/ros/humble/share/rclcpp/cmake/ament_cmake_export_dependencies-extras.cmake:34 (list_append_unique)
[0.137s]   /opt/ros/humble/share/rclcpp/cmake/rclcppConfig.cmake:41 (include)
[0.137s]   CMakeLists.txt:4 (find_package)
[0.137s] 
[0.137s] [0m
[0.137s] -- Configuring incomplete, errors occurred!
[0.137s] See also "/home/whaltze/rm/ros_ws/build/learning_image_transport/CMakeFiles/CMakeOutput.log".
[0.138s] gmake: *** [Makefile:259：cmake_check_build_system] 错误 1
[0.140s] Invoked command in '/home/whaltze/rm/ros_ws/build/learning_image_transport' returned '2': /usr/bin/cmake --build /home/whaltze/rm/ros_ws/build/learning_image_transport -- -j8 -l8
