[0.031s] Invoking command in '/home/whaltze/rm/patrol/build/livox_ros_driver2': CMAKE_PREFIX_PATH=/opt/ros/humble CONDA_PROMPT_MODIFIER=(rm) /usr/bin/cmake /home/whaltze/rm/patrol/pb_rmsimulation/src/rm_driver/livox_ros_driver2/src -DAMENT_CMAKE_SYMLINK_INSTALL=1 -DCMAKE_INSTALL_PREFIX=/home/whaltze/rm/patrol/install/livox_ros_driver2
[0.136s] -- The C compiler identification is GNU 11.4.0
[0.206s] -- The CXX compiler identification is GNU 11.4.0
[0.215s] -- Detecting C compiler ABI info
[0.296s] -- Detecting C compiler ABI info - done
[0.299s] -- Check for working C compiler: /usr/bin/cc - skipped
[0.303s] -- Detecting C compile features
[0.303s] -- Detecting C compile features - done
[0.303s] -- Detecting CXX compiler ABI info
[0.377s] -- Detecting CXX compiler ABI info - done
[0.382s] -- Check for working CXX compiler: /usr/bin/c++ - skipped
[0.382s] -- Detecting CXX compile features
[0.382s] -- Detecting CXX compile features - done
[0.386s] -- livox_ros_driver2 version: 1.0.0
[0.386s] -- Found ament_cmake_auto: 1.3.9 (/opt/ros/humble/share/ament_cmake_auto/cmake)
[1.028s] -- Found Python3: /usr/bin/python3 (found version "3.10.12") found components: Interpreter 
[1.177s] -- Override CMake install command with custom implementation using symlinks instead of copying resources
[1.382s] -- Using all available rosidl_typesupport_c: rosidl_typesupport_fastrtps_c;rosidl_typesupport_introspection_c
[1.389s] -- Found rosidl_adapter: 3.1.5 (/opt/ros/humble/share/rosidl_adapter/cmake)
[1.422s] -- Using all available rosidl_typesupport_cpp: rosidl_typesupport_fastrtps_cpp;rosidl_typesupport_introspection_cpp
[1.566s] -- Found rmw_implementation_cmake: 6.1.2 (/opt/ros/humble/share/rmw_implementation_cmake/cmake)
[1.568s] -- Found rmw_fastrtps_cpp: 6.2.6 (/opt/ros/humble/share/rmw_fastrtps_cpp/cmake)
[1.718s] -- Found OpenSSL: /usr/lib/x86_64-linux-gnu/libcrypto.so (found version "3.0.2")  
[1.768s] -- Found FastRTPS: /opt/ros/humble/include  
[1.849s] -- Using RMW implementation 'rmw_fastrtps_cpp' as default
[1.874s] -- Looking for pthread.h
[2.040s] -- Looking for pthread.h - found
[2.040s] -- Performing Test CMAKE_HAVE_LIBC_PTHREAD
[2.190s] -- Performing Test CMAKE_HAVE_LIBC_PTHREAD - Success
[2.191s] -- Found Threads: TRUE  
[3.203s] -- Checking for module 'eigen3'
[3.241s] --   Found eigen3, version 3.4.0
[3.314s] -- Found Eigen: /usr/include/eigen3 (Required is at least version "3.1") 
[3.317s] -- Eigen found (include: /usr/include/eigen3, version: 3.4.0)
[3.414s] -- Checking for module 'flann'
[3.444s] --   Found flann, version 1.9.1
[3.548s] -- Found FLANN: /usr/lib/x86_64-linux-gnu/libflann_cpp.so  
[3.550s] -- FLANN found (include: /usr/include, lib: /usr/lib/x86_64-linux-gnu/libflann_cpp.so)
[6.320s] -- Checking for module 'libusb-1.0'
[6.348s] --   Found libusb-1.0, version 1.0.25
[6.424s] -- Found libusb: /usr/lib/x86_64-linux-gnu/libusb-1.0.so  
[6.428s] -- OpenNI found (version: 1.5.4.0, include: /usr/include/ni, lib: /usr/lib/libOpenNI.so;libusb::libusb)
[6.601s] -- OpenNI2 found (version: 2.2.0.33, include: /usr/include/openni2, lib: /usr/lib/x86_64-linux-gnu/libOpenNI2.so;libusb::libusb)
[6.842s] -- Eigen found (include: /usr/include/eigen3, version: 3.4.0)
[6.864s] -- OpenNI found (version: 1.5.4.0, include: /usr/include/ni, lib: /usr/lib/libOpenNI.so;libusb::libusb)
[6.877s] -- OpenNI2 found (version: 2.2.0.33, include: /usr/include/openni2, lib: /usr/lib/x86_64-linux-gnu/libOpenNI2.so;libusb::libusb)
[7.077s] -- Found Qhull version 8.0.2
[7.335s] -- OpenNI found (version: 1.5.4.0, include: /usr/include/ni, lib: /usr/lib/libOpenNI.so;libusb::libusb)
[7.611s] -- Found PCL_COMMON: /usr/lib/x86_64-linux-gnu/libpcl_common.so  
[7.617s] -- Found PCL_KDTREE: /usr/lib/x86_64-linux-gnu/libpcl_kdtree.so  
[7.621s] -- Found PCL_OCTREE: /usr/lib/x86_64-linux-gnu/libpcl_octree.so  
[7.623s] -- Found PCL_SEARCH: /usr/lib/x86_64-linux-gnu/libpcl_search.so  
[7.624s] -- Found PCL_SAMPLE_CONSENSUS: /usr/lib/x86_64-linux-gnu/libpcl_sample_consensus.so  
[7.630s] -- Found PCL_FILTERS: /usr/lib/x86_64-linux-gnu/libpcl_filters.so  
[7.630s] -- Found PCL_2D: /usr/include/pcl-1.12  
[7.630s] -- Found PCL_GEOMETRY: /usr/include/pcl-1.12  
[7.631s] -- Found PCL_IO: /usr/lib/x86_64-linux-gnu/libpcl_io.so  
[7.635s] -- Found PCL_FEATURES: /usr/lib/x86_64-linux-gnu/libpcl_features.so  
[7.638s] -- Found PCL_ML: /usr/lib/x86_64-linux-gnu/libpcl_ml.so  
[7.638s] -- Found PCL_SEGMENTATION: /usr/lib/x86_64-linux-gnu/libpcl_segmentation.so  
[7.645s] -- Found PCL_VISUALIZATION: /usr/lib/x86_64-linux-gnu/libpcl_visualization.so  
[7.645s] -- Found PCL_SURFACE: /usr/lib/x86_64-linux-gnu/libpcl_surface.so  
[7.645s] -- Found PCL_REGISTRATION: /usr/lib/x86_64-linux-gnu/libpcl_registration.so  
[7.645s] -- Found PCL_KEYPOINTS: /usr/lib/x86_64-linux-gnu/libpcl_keypoints.so  
[7.645s] -- Found PCL_TRACKING: /usr/lib/x86_64-linux-gnu/libpcl_tracking.so  
[7.646s] -- Found PCL_RECOGNITION: /usr/lib/x86_64-linux-gnu/libpcl_recognition.so  
[7.650s] -- Found PCL_STEREO: /usr/lib/x86_64-linux-gnu/libpcl_stereo.so  
[7.651s] -- Found PCL_APPS: /usr/lib/x86_64-linux-gnu/libpcl_apps.so  
[7.652s] -- Found PCL_IN_HAND_SCANNER: /usr/include/pcl-1.12  
[7.652s] -- Found PCL_MODELER: /usr/include/pcl-1.12  
[7.654s] -- Found PCL_POINT_CLOUD_EDITOR: /usr/include/pcl-1.12  
[7.655s] -- Found PCL_OUTOFCORE: /usr/lib/x86_64-linux-gnu/libpcl_outofcore.so  
[7.657s] -- Found PCL_PEOPLE: /usr/lib/x86_64-linux-gnu/libpcl_people.so  
[7.674s] -- Found PkgConfig: /usr/bin/pkg-config (found version "0.29.2") 
[7.678s] -- Checking for module 'apr-1'
[7.688s] --   No package 'apr-1' found
[8.094s] -- Found ament_cmake_ros: 0.10.0 (/opt/ros/humble/share/ament_cmake_ros/cmake)
[8.539s] -- Using all available rosidl_typesupport_c: rosidl_typesupport_fastrtps_c;rosidl_typesupport_introspection_c
[9.176s] -- Using all available rosidl_typesupport_cpp: rosidl_typesupport_fastrtps_cpp;rosidl_typesupport_introspection_cpp
[9.222s] -- Found PythonInterp: /usr/bin/python3 (found suitable version "3.10.12", minimum required is "3.6") 
[9.223s] -- Found python_cmake_module: 0.10.0 (/opt/ros/humble/share/python_cmake_module/cmake)
[9.290s] -- Found PythonLibs: /usr/lib/x86_64-linux-gnu/libpython3.10.so (found suitable version "3.10.12", minimum required is "3.5") 
[9.290s] -- Using PYTHON_EXECUTABLE: /usr/bin/python3
[9.290s] -- Using PYTHON_INCLUDE_DIRS: /usr/include/python3.10
[9.290s] -- Using PYTHON_LIBRARIES: /usr/lib/x86_64-linux-gnu/libpython3.10.so
[9.333s] -- Found PythonExtra: .so  
[9.492s] -- Found ament_lint_auto: 0.12.11 (/opt/ros/humble/share/ament_lint_auto/cmake)
[9.521s] -- Added test 'copyright' to check source files copyright and LICENSE
[9.545s] -- Added test 'cppcheck' to perform static code analysis on C / C++ code
[9.547s] -- Configured cppcheck include dirs: /home/whaltze/rm/patrol/pb_rmsimulation/src/rm_driver/livox_ros_driver2/src/3rdparty;/home/whaltze/rm/patrol/pb_rmsimulation/src/rm_driver/livox_ros_driver2/src/src
[9.547s] -- Configured cppcheck exclude dirs and/or files: 
[9.564s] -- Added test 'cpplint' to check C / C++ code against the Google style
[9.564s] -- Configured cpplint exclude dirs and/or files: 
[9.571s] -- Added test 'flake8' to check Python code syntax and style conventions
[9.572s] -- Added test 'lint_cmake' to check CMake code style
[9.581s] -- Added test 'pep257' to check Python code against some of the docstring style conventions in PEP 257
[9.599s] -- Added test 'uncrustify' to check C / C++ code style
[9.601s] -- Configured uncrustify additional arguments: 
[9.607s] -- Added test 'xmllint' to check XML markup files
[9.614s] -- Configuring done
[9.769s] -- Generating done
[9.773s] -- Build files have been written to: /home/whaltze/rm/patrol/build/livox_ros_driver2
