[0.797s] Invoking command in '/home/whaltze/rm/202302/ros2/src/camera': PYTHONPATH=/home/whaltze/rm/202302/ros2/build/camera/prefix_override:/usr/lib/python3/dist-packages/colcon_core/task/python/colcon_distutils_commands:/home/whaltze/rm/202302/ros2/install/camera/lib/python3.10/site-packages:${PYTHONPATH} /usr/bin/python3 -W ignore:setup.py install is deprecated setup.py egg_info --egg-base ../../build/camera build --build-base /home/whaltze/rm/202302/ros2/build/camera/build install --record /home/whaltze/rm/202302/ros2/build/camera/install.log --single-version-externally-managed install_data
[0.957s] running egg_info
[0.957s] creating ../../build/camera/camera.egg-info
[0.969s] writing ../../build/camera/camera.egg-info/PKG-INFO
[0.970s] writing dependency_links to ../../build/camera/camera.egg-info/dependency_links.txt
[0.970s] writing entry points to ../../build/camera/camera.egg-info/entry_points.txt
[0.971s] writing requirements to ../../build/camera/camera.egg-info/requires.txt
[0.971s] writing top-level names to ../../build/camera/camera.egg-info/top_level.txt
[0.971s] writing manifest file '../../build/camera/camera.egg-info/SOURCES.txt'
[0.992s] reading manifest file '../../build/camera/camera.egg-info/SOURCES.txt'
[0.993s] writing manifest file '../../build/camera/camera.egg-info/SOURCES.txt'
[0.993s] running build
[0.993s] running build_py
[0.993s] creating /home/whaltze/rm/202302/ros2/build/camera/build
[0.993s] creating /home/whaltze/rm/202302/ros2/build/camera/build/lib
[0.994s] creating /home/whaltze/rm/202302/ros2/build/camera/build/lib/camera
[0.994s] copying camera/__init__.py -> /home/whaltze/rm/202302/ros2/build/camera/build/lib/camera
[0.994s] copying camera/camera_node.py -> /home/whaltze/rm/202302/ros2/build/camera/build/lib/camera
[0.995s] running install
[0.997s] running install_lib
[1.007s] creating /home/whaltze/rm/202302/ros2/install/camera/lib/python3.10/site-packages/camera
[1.007s] copying /home/whaltze/rm/202302/ros2/build/camera/build/lib/camera/__init__.py -> /home/whaltze/rm/202302/ros2/install/camera/lib/python3.10/site-packages/camera
[1.008s] copying /home/whaltze/rm/202302/ros2/build/camera/build/lib/camera/camera_node.py -> /home/whaltze/rm/202302/ros2/install/camera/lib/python3.10/site-packages/camera
[1.008s] byte-compiling /home/whaltze/rm/202302/ros2/install/camera/lib/python3.10/site-packages/camera/__init__.py to __init__.cpython-310.pyc
[1.009s] byte-compiling /home/whaltze/rm/202302/ros2/install/camera/lib/python3.10/site-packages/camera/camera_node.py to camera_node.cpython-310.pyc
[1.009s] running install_data
[1.009s] creating /home/whaltze/rm/202302/ros2/install/camera/share/ament_index
[1.010s] creating /home/whaltze/rm/202302/ros2/install/camera/share/ament_index/resource_index
[1.010s] creating /home/whaltze/rm/202302/ros2/install/camera/share/ament_index/resource_index/packages
[1.010s] copying resource/camera -> /home/whaltze/rm/202302/ros2/install/camera/share/ament_index/resource_index/packages
[1.010s] copying package.xml -> /home/whaltze/rm/202302/ros2/install/camera/share/camera
[1.010s] running install_egg_info
[1.021s] Copying ../../build/camera/camera.egg-info to /home/whaltze/rm/202302/ros2/install/camera/lib/python3.10/site-packages/camera-0.0.0-py3.10.egg-info
[1.022s] running install_scripts
[1.113s] Installing camera_node script to /home/whaltze/rm/202302/ros2/install/camera/lib/camera
[1.116s] writing list of installed files to '/home/whaltze/rm/202302/ros2/build/camera/install.log'
[1.131s] Invoked command in '/home/whaltze/rm/202302/ros2/src/camera' returned '0': PYTHONPATH=/home/whaltze/rm/202302/ros2/build/camera/prefix_override:/usr/lib/python3/dist-packages/colcon_core/task/python/colcon_distutils_commands:/home/whaltze/rm/202302/ros2/install/camera/lib/python3.10/site-packages:${PYTHONPATH} /usr/bin/python3 -W ignore:setup.py install is deprecated setup.py egg_info --egg-base ../../build/camera build --build-base /home/whaltze/rm/202302/ros2/build/camera/build install --record /home/whaltze/rm/202302/ros2/build/camera/install.log --single-version-externally-managed install_data
