[0.079s] DEBUG:colcon:Command line arguments: ['/usr/bin/colcon', 'build']
[0.080s] DEBUG:colcon:Parsed command line arguments: Namespace(log_base=None, log_level=None, verb_name='build', build_base='build', install_base='install', merge_install=False, symlink_install=False, test_result_base=None, continue_on_error=False, executor='parallel', parallel_workers=8, event_handlers=None, ignore_user_meta=False, metas=['./colcon.meta'], base_paths=['.'], packages_ignore=None, packages_ignore_regex=None, paths=None, packages_up_to=None, packages_up_to_regex=None, packages_above=None, packages_above_and_dependencies=None, packages_above_depth=None, packages_select_by_dep=None, packages_skip_by_dep=None, packages_skip_up_to=None, packages_select_build_failed=False, packages_skip_build_finished=False, packages_select_test_failures=False, packages_skip_test_passed=False, packages_select=None, packages_skip=None, packages_select_regex=None, packages_skip_regex=None, packages_start=None, packages_end=None, allow_overriding=[], cmake_args=None, cmake_target=None, cmake_target_skip_unavailable=False, cmake_clean_cache=False, cmake_clean_first=False, cmake_force_configure=False, ament_cmake_args=None, catkin_cmake_args=None, catkin_skip_building_tests=False, verb_parser=<colcon_defaults.argument_parser.defaults.DefaultArgumentsDecorator object at 0x76086801beb0>, verb_extension=<colcon_core.verb.build.BuildVerb object at 0x76086801ba60>, main=<bound method BuildVerb.main of <colcon_core.verb.build.BuildVerb object at 0x76086801ba60>>)
[0.187s] Level 1:colcon.colcon_core.package_discovery:discover_packages(colcon_meta) check parameters
[0.187s] Level 1:colcon.colcon_core.package_discovery:discover_packages(recursive) check parameters
[0.187s] Level 1:colcon.colcon_core.package_discovery:discover_packages(ignore) check parameters
[0.187s] Level 1:colcon.colcon_core.package_discovery:discover_packages(path) check parameters
[0.187s] Level 1:colcon.colcon_core.package_discovery:discover_packages(colcon_meta) discover
[0.187s] Level 1:colcon.colcon_core.package_discovery:discover_packages(recursive) discover
[0.187s] INFO:colcon.colcon_core.package_discovery:Crawling recursively for packages in '/home/whaltze/rm/ros_ws'
[0.187s] Level 1:colcon.colcon_core.package_identification:_identify(.) by extensions ['ignore', 'ignore_ament_install']
[0.187s] Level 1:colcon.colcon_core.package_identification:_identify(.) by extension 'ignore'
[0.187s] Level 1:colcon.colcon_core.package_identification:_identify(.) by extension 'ignore_ament_install'
[0.187s] Level 1:colcon.colcon_core.package_identification:_identify(.) by extensions ['colcon_pkg']
[0.187s] Level 1:colcon.colcon_core.package_identification:_identify(.) by extension 'colcon_pkg'
[0.187s] Level 1:colcon.colcon_core.package_identification:_identify(.) by extensions ['colcon_meta']
[0.187s] Level 1:colcon.colcon_core.package_identification:_identify(.) by extension 'colcon_meta'
[0.187s] Level 1:colcon.colcon_core.package_identification:_identify(.) by extensions ['ros']
[0.187s] Level 1:colcon.colcon_core.package_identification:_identify(.) by extension 'ros'
[0.195s] Level 1:colcon.colcon_core.package_identification:_identify(.) by extensions ['cmake', 'python']
[0.195s] Level 1:colcon.colcon_core.package_identification:_identify(.) by extension 'cmake'
[0.195s] Level 1:colcon.colcon_core.package_identification:_identify(.) by extension 'python'
[0.195s] Level 1:colcon.colcon_core.package_identification:_identify(.) by extensions ['python_setup_py']
[0.195s] Level 1:colcon.colcon_core.package_identification:_identify(.) by extension 'python_setup_py'
[0.195s] Level 1:colcon.colcon_core.package_identification:_identify(build) by extensions ['ignore', 'ignore_ament_install']
[0.195s] Level 1:colcon.colcon_core.package_identification:_identify(build) by extension 'ignore'
[0.195s] Level 1:colcon.colcon_core.package_identification:_identify(build) ignored
[0.195s] Level 1:colcon.colcon_core.package_identification:_identify(install) by extensions ['ignore', 'ignore_ament_install']
[0.195s] Level 1:colcon.colcon_core.package_identification:_identify(install) by extension 'ignore'
[0.195s] Level 1:colcon.colcon_core.package_identification:_identify(install) ignored
[0.195s] Level 1:colcon.colcon_core.package_identification:_identify(log) by extensions ['ignore', 'ignore_ament_install']
[0.195s] Level 1:colcon.colcon_core.package_identification:_identify(log) by extension 'ignore'
[0.195s] Level 1:colcon.colcon_core.package_identification:_identify(log) ignored
[0.195s] Level 1:colcon.colcon_core.package_identification:_identify(src) by extensions ['ignore', 'ignore_ament_install']
[0.196s] Level 1:colcon.colcon_core.package_identification:_identify(src) by extension 'ignore'
[0.196s] Level 1:colcon.colcon_core.package_identification:_identify(src) by extension 'ignore_ament_install'
[0.196s] Level 1:colcon.colcon_core.package_identification:_identify(src) by extensions ['colcon_pkg']
[0.196s] Level 1:colcon.colcon_core.package_identification:_identify(src) by extension 'colcon_pkg'
[0.196s] Level 1:colcon.colcon_core.package_identification:_identify(src) by extensions ['colcon_meta']
[0.196s] Level 1:colcon.colcon_core.package_identification:_identify(src) by extension 'colcon_meta'
[0.196s] Level 1:colcon.colcon_core.package_identification:_identify(src) by extensions ['ros']
[0.196s] Level 1:colcon.colcon_core.package_identification:_identify(src) by extension 'ros'
[0.196s] Level 1:colcon.colcon_core.package_identification:_identify(src) by extensions ['cmake', 'python']
[0.196s] Level 1:colcon.colcon_core.package_identification:_identify(src) by extension 'cmake'
[0.196s] Level 1:colcon.colcon_core.package_identification:_identify(src) by extension 'python'
[0.196s] Level 1:colcon.colcon_core.package_identification:_identify(src) by extensions ['python_setup_py']
[0.196s] Level 1:colcon.colcon_core.package_identification:_identify(src) by extension 'python_setup_py'
[0.196s] Level 1:colcon.colcon_core.package_identification:_identify(src/learning_image_transport) by extensions ['ignore', 'ignore_ament_install']
[0.196s] Level 1:colcon.colcon_core.package_identification:_identify(src/learning_image_transport) by extension 'ignore'
[0.196s] Level 1:colcon.colcon_core.package_identification:_identify(src/learning_image_transport) by extension 'ignore_ament_install'
[0.196s] Level 1:colcon.colcon_core.package_identification:_identify(src/learning_image_transport) by extensions ['colcon_pkg']
[0.196s] Level 1:colcon.colcon_core.package_identification:_identify(src/learning_image_transport) by extension 'colcon_pkg'
[0.196s] Level 1:colcon.colcon_core.package_identification:_identify(src/learning_image_transport) by extensions ['colcon_meta']
[0.196s] Level 1:colcon.colcon_core.package_identification:_identify(src/learning_image_transport) by extension 'colcon_meta'
[0.196s] Level 1:colcon.colcon_core.package_identification:_identify(src/learning_image_transport) by extensions ['ros']
[0.196s] Level 1:colcon.colcon_core.package_identification:_identify(src/learning_image_transport) by extension 'ros'
[0.198s] DEBUG:colcon.colcon_core.package_identification:Package 'src/learning_image_transport' with type 'ros.catkin' and name 'learning_image_transport'
[0.198s] Level 1:colcon.colcon_core.package_discovery:discover_packages(recursive) using defaults
[0.198s] Level 1:colcon.colcon_core.package_discovery:discover_packages(ignore) discover
[0.198s] Level 1:colcon.colcon_core.package_discovery:discover_packages(ignore) using defaults
[0.198s] Level 1:colcon.colcon_core.package_discovery:discover_packages(path) discover
[0.198s] Level 1:colcon.colcon_core.package_discovery:discover_packages(path) using defaults
[0.210s] Level 1:colcon.colcon_core.package_discovery:discover_packages(prefix_path) check parameters
[0.210s] Level 1:colcon.colcon_core.package_discovery:discover_packages(prefix_path) discover
[0.212s] DEBUG:colcon.colcon_installed_package_information.package_discovery:Found 270 installed packages in /opt/ros/humble
[0.213s] Level 1:colcon.colcon_core.package_discovery:discover_packages(prefix_path) using defaults
[0.244s] Level 5:colcon.colcon_core.verb:set package 'learning_image_transport' build argument 'cmake_args' from command line to 'None'
[0.244s] Level 5:colcon.colcon_core.verb:set package 'learning_image_transport' build argument 'cmake_target' from command line to 'None'
[0.244s] Level 5:colcon.colcon_core.verb:set package 'learning_image_transport' build argument 'cmake_target_skip_unavailable' from command line to 'False'
[0.244s] Level 5:colcon.colcon_core.verb:set package 'learning_image_transport' build argument 'cmake_clean_cache' from command line to 'False'
[0.245s] Level 5:colcon.colcon_core.verb:set package 'learning_image_transport' build argument 'cmake_clean_first' from command line to 'False'
[0.245s] Level 5:colcon.colcon_core.verb:set package 'learning_image_transport' build argument 'cmake_force_configure' from command line to 'False'
[0.245s] Level 5:colcon.colcon_core.verb:set package 'learning_image_transport' build argument 'ament_cmake_args' from command line to 'None'
[0.245s] Level 5:colcon.colcon_core.verb:set package 'learning_image_transport' build argument 'catkin_cmake_args' from command line to 'None'
[0.245s] Level 5:colcon.colcon_core.verb:set package 'learning_image_transport' build argument 'catkin_skip_building_tests' from command line to 'False'
[0.245s] DEBUG:colcon.colcon_core.verb:Building package 'learning_image_transport' with the following arguments: {'ament_cmake_args': None, 'build_base': '/home/whaltze/rm/ros_ws/build/learning_image_transport', 'catkin_cmake_args': None, 'catkin_skip_building_tests': False, 'cmake_args': None, 'cmake_clean_cache': False, 'cmake_clean_first': False, 'cmake_force_configure': False, 'cmake_target': None, 'cmake_target_skip_unavailable': False, 'install_base': '/home/whaltze/rm/ros_ws/install/learning_image_transport', 'merge_install': False, 'path': '/home/whaltze/rm/ros_ws/src/learning_image_transport', 'symlink_install': False, 'test_result_base': None}
[0.245s] INFO:colcon.colcon_core.executor:Executing jobs using 'parallel' executor
[0.245s] DEBUG:colcon.colcon_parallel_executor.executor.parallel:run_until_complete
[0.246s] INFO:colcon.colcon_ros.task.catkin.build:Building ROS package in '/home/whaltze/rm/ros_ws/src/learning_image_transport' with build type 'catkin'
[0.246s] INFO:colcon.colcon_cmake.task.cmake.build:Building CMake package in '/home/whaltze/rm/ros_ws/src/learning_image_transport'
[0.248s] INFO:colcon.colcon_core.plugin_system:Skipping extension 'colcon_core.shell.bat': Not used on non-Windows systems
[0.248s] INFO:colcon.colcon_core.shell:Skip shell extension 'powershell' for command environment: Not usable outside of PowerShell
[0.248s] DEBUG:colcon.colcon_core.shell:Skip shell extension 'dsv' for command environment
[0.257s] DEBUG:colcon.colcon_core.event_handler.log_command:Invoking command in '/home/whaltze/rm/ros_ws/build/learning_image_transport': /usr/bin/cmake --build /home/whaltze/rm/ros_ws/build/learning_image_transport -- -j8 -l8
[0.387s] DEBUG:colcon.colcon_core.event_handler.log_command:Invoked command in '/home/whaltze/rm/ros_ws/build/learning_image_transport' returned '2': /usr/bin/cmake --build /home/whaltze/rm/ros_ws/build/learning_image_transport -- -j8 -l8
[0.418s] Level 1:colcon.colcon_core.environment:create_environment_scripts_only(learning_image_transport)
[0.420s] Level 1:colcon.colcon_core.environment:checking '/home/whaltze/rm/ros_ws/install/learning_image_transport' for CMake module files
[0.420s] Level 1:colcon.colcon_core.environment:checking '/home/whaltze/rm/ros_ws/install/learning_image_transport' for CMake config files
[0.420s] Level 1:colcon.colcon_core.environment:checking '/home/whaltze/rm/ros_ws/install/learning_image_transport/bin'
[0.420s] Level 1:colcon.colcon_core.environment:checking '/home/whaltze/rm/ros_ws/install/learning_image_transport/lib/pkgconfig/learning_image_transport.pc'
[0.421s] Level 1:colcon.colcon_core.environment:checking '/home/whaltze/rm/ros_ws/install/learning_image_transport/lib/python3.10/site-packages'
[0.421s] Level 1:colcon.colcon_core.environment:checking '/home/whaltze/rm/ros_ws/install/learning_image_transport/bin'
[0.421s] INFO:colcon.colcon_core.shell:Creating package script '/home/whaltze/rm/ros_ws/install/learning_image_transport/share/learning_image_transport/package.ps1'
[0.421s] INFO:colcon.colcon_core.shell:Creating package descriptor '/home/whaltze/rm/ros_ws/install/learning_image_transport/share/learning_image_transport/package.dsv'
[0.422s] INFO:colcon.colcon_core.shell:Creating package script '/home/whaltze/rm/ros_ws/install/learning_image_transport/share/learning_image_transport/package.sh'
[0.422s] INFO:colcon.colcon_core.shell:Creating package script '/home/whaltze/rm/ros_ws/install/learning_image_transport/share/learning_image_transport/package.bash'
[0.423s] INFO:colcon.colcon_core.shell:Creating package script '/home/whaltze/rm/ros_ws/install/learning_image_transport/share/learning_image_transport/package.zsh'
[0.424s] Level 1:colcon.colcon_core.environment:create_file_with_runtime_dependencies(/home/whaltze/rm/ros_ws/install/learning_image_transport/share/colcon-core/packages/learning_image_transport)
[0.434s] DEBUG:colcon.colcon_parallel_executor.executor.parallel:closing loop
[0.434s] DEBUG:colcon.colcon_parallel_executor.executor.parallel:loop closed
[0.435s] DEBUG:colcon.colcon_parallel_executor.executor.parallel:run_until_complete finished with '2'
[0.435s] DEBUG:colcon.colcon_core.event_reactor:joining thread
[0.440s] INFO:colcon.colcon_core.plugin_system:Skipping extension 'colcon_notification.desktop_notification.terminal_notifier': Not used on non-Darwin systems
[0.440s] INFO:colcon.colcon_core.plugin_system:Skipping extension 'colcon_notification.desktop_notification.win32': Not used on non-Windows systems
[0.440s] INFO:colcon.colcon_notification.desktop_notification:Sending desktop notification using 'notify2'
[0.450s] DEBUG:colcon.colcon_core.event_reactor:joined thread
[0.450s] INFO:colcon.colcon_core.shell:Creating prefix script '/home/whaltze/rm/ros_ws/install/local_setup.ps1'
[0.451s] INFO:colcon.colcon_core.shell:Creating prefix util module '/home/whaltze/rm/ros_ws/install/_local_setup_util_ps1.py'
[0.452s] INFO:colcon.colcon_core.shell:Creating prefix chain script '/home/whaltze/rm/ros_ws/install/setup.ps1'
[0.452s] INFO:colcon.colcon_core.shell:Creating prefix script '/home/whaltze/rm/ros_ws/install/local_setup.sh'
[0.453s] INFO:colcon.colcon_core.shell:Creating prefix util module '/home/whaltze/rm/ros_ws/install/_local_setup_util_sh.py'
[0.454s] INFO:colcon.colcon_core.shell:Creating prefix chain script '/home/whaltze/rm/ros_ws/install/setup.sh'
[0.455s] INFO:colcon.colcon_core.shell:Creating prefix script '/home/whaltze/rm/ros_ws/install/local_setup.bash'
[0.455s] INFO:colcon.colcon_core.shell:Creating prefix chain script '/home/whaltze/rm/ros_ws/install/setup.bash'
[0.456s] INFO:colcon.colcon_core.shell:Creating prefix script '/home/whaltze/rm/ros_ws/install/local_setup.zsh'
[0.456s] INFO:colcon.colcon_core.shell:Creating prefix chain script '/home/whaltze/rm/ros_ws/install/setup.zsh'
