[0.014s] Invoking command in '/home/whaltze/rm/ros_ws/build/learning_image_transport': /usr/bin/cmake /home/whaltze/rm/ros_ws/src/learning_image_transport -DCATKIN_INSTALL_INTO_PREFIX_ROOT=0 -DCMAKE_INSTALL_PREFIX=/home/whaltze/rm/ros_ws/install/learning_image_transport
[0.024s] -- Found ament_cmake: 1.3.9 (/opt/ros/humble/share/ament_cmake/cmake)
[0.206s] [33mCMake Warning (dev) at /opt/ros/humble/share/ament_cmake_core/cmake/core/ament_execute_extensions.cmake:41 (if):
[0.207s]   Policy CMP0057 is not set: Support new IN_LIST if() operator.  Run "cmake
[0.207s]   --help-policy CMP0057" for policy details.  Use the cmake_policy command to
[0.207s]   set the policy and suppress this warning.
[0.207s] 
[0.207s]   IN_LIST will be interpreted as an operator when the policy is set to NEW.
[0.207s]   Since the policy is not set the OLD behavior will be used.
[0.207s] Call Stack (most recent call first):
[0.207s]   /opt/ros/humble/share/ament_cmake_core/cmake/core/ament_package.cmake:66 (ament_execute_extensions)
[0.207s]   CMakeLists.txt:107 (ament_package)
[0.207s] This warning is for project developers.  Use -Wno-dev to suppress it.
[0.207s] [0m
[0.207s] [31mCMake Error at /opt/ros/humble/share/ament_cmake_core/cmake/core/ament_execute_extensions.cmake:41 (if):
[0.207s]   if given arguments:
[0.207s] 
[0.207s]     "ament_cmake_core" "IN_LIST" "_ARG_EXCLUDE"
[0.207s] 
[0.207s]   Unknown arguments specified
[0.208s] Call Stack (most recent call first):
[0.208s]   /opt/ros/humble/share/ament_cmake_core/cmake/core/ament_package.cmake:66 (ament_execute_extensions)
[0.208s]   CMakeLists.txt:107 (ament_package)
[0.208s] 
[0.208s] [0m
[0.208s] -- Configuring incomplete, errors occurred!
[0.208s] See also "/home/whaltze/rm/ros_ws/build/learning_image_transport/CMakeFiles/CMakeOutput.log".
[0.209s] Invoked command in '/home/whaltze/rm/ros_ws/build/learning_image_transport' returned '1': /usr/bin/cmake /home/whaltze/rm/ros_ws/src/learning_image_transport -DCATKIN_INSTALL_INTO_PREFIX_ROOT=0 -DCMAKE_INSTALL_PREFIX=/home/whaltze/rm/ros_ws/install/learning_image_transport
