[35m[1mConsolidate compiler generated dependencies of target fake_vel_transform[0m
[35m[1mConsolidate compiler generated dependencies of target fake_vel_transform_node[0m
[ 50%] Built target fake_vel_transform_node
[100%] Built target fake_vel_transform
-- Install configuration: ""
-- Execute custom install script
-- Symlinking: /home/whaltze/rm/patrol/install/fake_vel_transform/lib/fake_vel_transform/fake_vel_transform_node
-- Symlinking: /home/whaltze/rm/patrol/install/fake_vel_transform/include/fake_vel_transform/fake_vel_transform.hpp
-- Symlinking: /home/whaltze/rm/patrol/install/fake_vel_transform/share/fake_vel_transform/environment/library_path.sh
-- Symlinking: /home/whaltze/rm/patrol/install/fake_vel_transform/share/fake_vel_transform/environment/library_path.dsv
-- Symlinking: /home/whaltze/rm/patrol/install/fake_vel_transform/lib/libfake_vel_transform.so
-- Symlinking: /home/whaltze/rm/patrol/install/fake_vel_transform/share/fake_vel_transform/launch/fake_vel_transform.launch.py
-- Symlinking: /home/whaltze/rm/patrol/install/fake_vel_transform/share/ament_index/resource_index/package_run_dependencies/fake_vel_transform
-- Symlinking: /home/whaltze/rm/patrol/install/fake_vel_transform/share/ament_index/resource_index/parent_prefix_path/fake_vel_transform
-- Symlinking: /home/whaltze/rm/patrol/install/fake_vel_transform/share/fake_vel_transform/environment/ament_prefix_path.sh
-- Symlinking: /home/whaltze/rm/patrol/install/fake_vel_transform/share/fake_vel_transform/environment/ament_prefix_path.dsv
-- Symlinking: /home/whaltze/rm/patrol/install/fake_vel_transform/share/fake_vel_transform/environment/path.sh
-- Symlinking: /home/whaltze/rm/patrol/install/fake_vel_transform/share/fake_vel_transform/environment/path.dsv
-- Symlinking: /home/whaltze/rm/patrol/install/fake_vel_transform/share/fake_vel_transform/local_setup.bash
-- Symlinking: /home/whaltze/rm/patrol/install/fake_vel_transform/share/fake_vel_transform/local_setup.sh
-- Symlinking: /home/whaltze/rm/patrol/install/fake_vel_transform/share/fake_vel_transform/local_setup.zsh
-- Symlinking: /home/whaltze/rm/patrol/install/fake_vel_transform/share/fake_vel_transform/local_setup.dsv
-- Symlinking: /home/whaltze/rm/patrol/install/fake_vel_transform/share/fake_vel_transform/package.dsv
-- Symlinking: /home/whaltze/rm/patrol/install/fake_vel_transform/share/ament_index/resource_index/packages/fake_vel_transform
-- Symlinking: /home/whaltze/rm/patrol/install/fake_vel_transform/share/ament_index/resource_index/rclcpp_components/fake_vel_transform
-- Symlinking: /home/whaltze/rm/patrol/install/fake_vel_transform/share/fake_vel_transform/cmake/ament_cmake_export_dependencies-extras.cmake
-- Symlinking: /home/whaltze/rm/patrol/install/fake_vel_transform/share/fake_vel_transform/cmake/ament_cmake_export_include_directories-extras.cmake
-- Symlinking: /home/whaltze/rm/patrol/install/fake_vel_transform/share/fake_vel_transform/cmake/ament_cmake_export_libraries-extras.cmake
-- Symlinking: /home/whaltze/rm/patrol/install/fake_vel_transform/share/fake_vel_transform/cmake/fake_vel_transformConfig.cmake
-- Symlinking: /home/whaltze/rm/patrol/install/fake_vel_transform/share/fake_vel_transform/cmake/fake_vel_transformConfig-version.cmake
-- Symlinking: /home/whaltze/rm/patrol/install/fake_vel_transform/share/fake_vel_transform/package.xml
