[0.028s] Invoking command in '/home/whaltze/rm/patrol/build/fake_vel_transform': CMAKE_PREFIX_PATH=/opt/ros/humble CONDA_PROMPT_MODIFIER=(rm) /usr/bin/cmake /home/whaltze/rm/patrol/pb_rmsimulation/src/rm_navigation/fake_vel_transform -DAMENT_CMAKE_SYMLINK_INSTALL=1 -DCMAKE_INSTALL_PREFIX=/home/whaltze/rm/patrol/install/fake_vel_transform
[0.120s] -- The C compiler identification is GNU 11.4.0
[0.166s] -- The CXX compiler identification is GNU 11.4.0
[0.180s] -- Detecting C compiler ABI info
[0.252s] -- Detecting C compiler ABI info - done
[0.257s] -- Check for working C compiler: /usr/bin/cc - skipped
[0.258s] -- Detecting C compile features
[0.258s] -- Detecting C compile features - done
[0.260s] -- Detecting CXX compiler ABI info
[0.340s] -- Detecting CXX compiler ABI info - done
[0.345s] -- Check for working CXX compiler: /usr/bin/c++ - skipped
[0.345s] -- Detecting CXX compile features
[0.345s] -- Detecting CXX compile features - done
[0.347s] -- Found ament_cmake_auto: 1.3.9 (/opt/ros/humble/share/ament_cmake_auto/cmake)
[0.896s] -- Found Python3: /usr/bin/python3 (found version "3.10.12") found components: Interpreter 
[1.031s] -- Override CMake install command with custom implementation using symlinks instead of copying resources
[1.272s] -- Found rosidl_generator_c: 3.1.5 (/opt/ros/humble/share/rosidl_generator_c/cmake)
[1.275s] -- Found rosidl_adapter: 3.1.5 (/opt/ros/humble/share/rosidl_adapter/cmake)
[1.284s] -- Found rosidl_generator_cpp: 3.1.5 (/opt/ros/humble/share/rosidl_generator_cpp/cmake)
[1.300s] -- Using all available rosidl_typesupport_c: rosidl_typesupport_fastrtps_c;rosidl_typesupport_introspection_c
[1.318s] -- Using all available rosidl_typesupport_cpp: rosidl_typesupport_fastrtps_cpp;rosidl_typesupport_introspection_cpp
[1.435s] -- Found rmw_implementation_cmake: 6.1.2 (/opt/ros/humble/share/rmw_implementation_cmake/cmake)
[1.441s] -- Found rmw_fastrtps_cpp: 6.2.6 (/opt/ros/humble/share/rmw_fastrtps_cpp/cmake)
[1.707s] -- Found OpenSSL: /usr/lib/x86_64-linux-gnu/libcrypto.so (found version "3.0.2")  
[1.746s] -- Found FastRTPS: /opt/ros/humble/include  
[1.842s] -- Using RMW implementation 'rmw_fastrtps_cpp' as default
[1.859s] -- Looking for pthread.h
[2.056s] -- Looking for pthread.h - found
[2.057s] -- Performing Test CMAKE_HAVE_LIBC_PTHREAD
[2.201s] -- Performing Test CMAKE_HAVE_LIBC_PTHREAD - Success
[2.202s] -- Found Threads: TRUE  
[3.374s] -- Found eigen3_cmake_module: 0.1.1 (/opt/ros/humble/share/eigen3_cmake_module/cmake)
[3.376s] -- Found Eigen3: TRUE (found version "3.4.0") 
[3.376s] -- Ensuring Eigen3 include directory is part of orocos-kdl CMake target
[3.395s] -- Found ament_lint_auto: 0.12.11 (/opt/ros/humble/share/ament_lint_auto/cmake)
[3.472s] -- Added test 'cppcheck' to perform static code analysis on C / C++ code
[3.473s] -- Configured cppcheck include dirs: /home/whaltze/rm/patrol/pb_rmsimulation/src/rm_navigation/fake_vel_transform/include
[3.473s] -- Configured cppcheck exclude dirs and/or files: 
[3.476s] -- Added test 'cpplint' to check C / C++ code against the Google style
[3.476s] -- Configured cpplint exclude dirs and/or files: 
[3.476s] -- Added test 'flake8' to check Python code syntax and style conventions
[3.477s] -- Added test 'lint_cmake' to check CMake code style
[3.478s] -- Added test 'pep257' to check Python code against some of the docstring style conventions in PEP 257
[3.480s] -- Added test 'xmllint' to check XML markup files
[3.488s] -- Configuring done
[3.516s] -- Generating done
[3.517s] -- Build files have been written to: /home/whaltze/rm/patrol/build/fake_vel_transform
[3.535s] Invoked command in '/home/whaltze/rm/patrol/build/fake_vel_transform' returned '0': CMAKE_PREFIX_PATH=/opt/ros/humble CONDA_PROMPT_MODIFIER=(rm) /usr/bin/cmake /home/whaltze/rm/patrol/pb_rmsimulation/src/rm_navigation/fake_vel_transform -DAMENT_CMAKE_SYMLINK_INSTALL=1 -DCMAKE_INSTALL_PREFIX=/home/whaltze/rm/patrol/install/fake_vel_transform
[3.540s] Invoking command in '/home/whaltze/rm/patrol/build/fake_vel_transform': CMAKE_PREFIX_PATH=/opt/ros/humble CONDA_PROMPT_MODIFIER=(rm) /usr/bin/cmake --build /home/whaltze/rm/patrol/build/fake_vel_transform -- -j8 -l8
[3.699s] [ 25%] [32mBuilding CXX object CMakeFiles/fake_vel_transform.dir/src/fake_vel_transform.cpp.o[0m
[3.700s] [ 50%] [32mBuilding CXX object CMakeFiles/fake_vel_transform_node.dir/rclcpp_components/node_main_fake_vel_transform_node.cpp.o[0m
[9.322s] [ 75%] [32m[1mLinking CXX executable fake_vel_transform_node[0m
[9.662s] [ 75%] Built target fake_vel_transform_node
[19.219s] [100%] [32m[1mLinking CXX shared library libfake_vel_transform.so[0m
[19.735s] [100%] Built target fake_vel_transform
